c:\users\pl\documents\visual studio 2017\projects\cindex 3+\cindex.pch
c:\users\pl\documents\visual studio 2017\projects\cindex 3+\win32\publisher\vc141.pdb
c:\users\pl\documents\visual studio 2017\projects\cindex 3+\win32\publisher\stdafx.obj
c:\users\pl\documents\visual studio 2017\projects\cindex 3+\win32\publisher\hspell.obj
c:\users\pl\documents\visual studio 2017\projects\cindex 3+\win32\publisher\group.obj
c:\users\pl\documents\visual studio 2017\projects\cindex 3+\win32\publisher\formstuff.obj
c:\users\pl\documents\visual studio 2017\projects\cindex 3+\win32\publisher\formset.obj
c:\users\pl\documents\visual studio 2017\projects\cindex 3+\win32\publisher\formattedexport.obj
c:\users\pl\documents\visual studio 2017\projects\cindex 3+\win32\publisher\findset.obj
c:\users\pl\documents\visual studio 2017\projects\cindex 3+\win32\publisher\files.obj
c:\users\pl\documents\visual studio 2017\projects\cindex 3+\win32\publisher\export.obj
c:\users\pl\documents\visual studio 2017\projects\cindex 3+\win32\publisher\errors.obj
c:\users\pl\documents\visual studio 2017\projects\cindex 3+\win32\publisher\edit.obj
c:\users\pl\documents\visual studio 2017\projects\cindex 3+\win32\publisher\draftstuff.obj
c:\users\pl\documents\visual studio 2017\projects\cindex 3+\win32\publisher\dde.obj
c:\users\pl\documents\visual studio 2017\projects\cindex 3+\win32\publisher\containerset.obj
c:\users\pl\documents\visual studio 2017\projects\cindex 3+\win32\publisher\commands.obj
c:\users\pl\documents\visual studio 2017\projects\cindex 3+\win32\publisher\collate.obj
c:\users\pl\documents\visual studio 2017\projects\cindex 3+\win32\publisher\clip.obj
c:\users\pl\documents\visual studio 2017\projects\cindex 3+\win32\publisher\cglobal.obj
c:\users\pl\documents\visual studio 2017\projects\cindex 3+\win32\publisher\attributedstrings.obj
c:\users\pl\documents\visual studio 2017\projects\cindex 3+\win32\publisher\apiservice.obj
c:\users\pl\documents\visual studio 2017\projects\cindex 3+\win32\publisher\abbrev.obj
c:\users\pl\documents\visual studio 2017\projects\cindex 3+\win32\publisher\rtfwriter.obj
c:\users\pl\documents\visual studio 2017\projects\cindex 3+\win32\publisher\replaceset.obj
c:\users\pl\documents\visual studio 2017\projects\cindex 3+\win32\publisher\reole.obj
c:\users\pl\documents\visual studio 2017\projects\cindex 3+\win32\publisher\registry.obj
c:\users\pl\documents\visual studio 2017\projects\cindex 3+\win32\publisher\regex.obj
c:\users\pl\documents\visual studio 2017\projects\cindex 3+\win32\publisher\refs.obj
c:\users\pl\documents\visual studio 2017\projects\cindex 3+\win32\publisher\records.obj
c:\users\pl\documents\visual studio 2017\projects\cindex 3+\win32\publisher\recole.obj
c:\users\pl\documents\visual studio 2017\projects\cindex 3+\win32\publisher\rcontainerset.obj
c:\users\pl\documents\visual studio 2017\projects\cindex 3+\win32\publisher\print.obj
c:\users\pl\documents\visual studio 2017\projects\cindex 3+\win32\publisher\modify.obj
c:\users\pl\documents\visual studio 2017\projects\cindex 3+\win32\publisher\mfile.obj
c:\users\pl\documents\visual studio 2017\projects\cindex 3+\win32\publisher\main.obj
c:\users\pl\documents\visual studio 2017\projects\cindex 3+\win32\publisher\macros.obj
c:\users\pl\documents\visual studio 2017\projects\cindex 3+\win32\publisher\locales.obj
c:\users\pl\documents\visual studio 2017\projects\cindex 3+\win32\publisher\keytool.obj
c:\users\pl\documents\visual studio 2017\projects\cindex 3+\win32\publisher\indexset.obj
c:\users\pl\documents\visual studio 2017\projects\cindex 3+\win32\publisher\index.obj
c:\users\pl\documents\visual studio 2017\projects\cindex 3+\win32\publisher\indesign.obj
c:\users\pl\documents\visual studio 2017\projects\cindex 3+\win32\publisher\import.obj
c:\users\pl\documents\visual studio 2017\projects\cindex 3+\win32\publisher\xmlwriter.obj
c:\users\pl\documents\visual studio 2017\projects\cindex 3+\win32\publisher\xmlparser.obj
c:\users\pl\documents\visual studio 2017\projects\cindex 3+\win32\publisher\viewset.obj
c:\users\pl\documents\visual studio 2017\projects\cindex 3+\win32\publisher\v3handler.obj
c:\users\pl\documents\visual studio 2017\projects\cindex 3+\win32\publisher\util.obj
c:\users\pl\documents\visual studio 2017\projects\cindex 3+\win32\publisher\typestuff.obj
c:\users\pl\documents\visual studio 2017\projects\cindex 3+\win32\publisher\translate.obj
c:\users\pl\documents\visual studio 2017\projects\cindex 3+\win32\publisher\toolset.obj
c:\users\pl\documents\visual studio 2017\projects\cindex 3+\win32\publisher\tools.obj
c:\users\pl\documents\visual studio 2017\projects\cindex 3+\win32\publisher\textwriter.obj
c:\users\pl\documents\visual studio 2017\projects\cindex 3+\win32\publisher\text.obj
c:\users\pl\documents\visual studio 2017\projects\cindex 3+\win32\publisher\tagwriter.obj
c:\users\pl\documents\visual studio 2017\projects\cindex 3+\win32\publisher\tagstuff.obj
c:\users\pl\documents\visual studio 2017\projects\cindex 3+\win32\publisher\strings.obj
c:\users\pl\documents\visual studio 2017\projects\cindex 3+\win32\publisher\spellset.obj
c:\users\pl\documents\visual studio 2017\projects\cindex 3+\win32\publisher\spell.obj
c:\users\pl\documents\visual studio 2017\projects\cindex 3+\win32\publisher\sortset.obj
c:\users\pl\documents\visual studio 2017\projects\cindex 3+\win32\publisher\sort.obj
c:\users\pl\documents\visual studio 2017\projects\cindex 3+\win32\publisher\searchset.obj
c:\users\pl\documents\visual studio 2017\projects\cindex 3+\win32\publisher\search.obj
c:\users\pl\documents\visual studio 2017\projects\cindex 3+\win32\publisher\xpresswriter.obj
c:\users\pl\documents\visual studio 2017\projects\cindex 3+\win32\publisher\cindex.exe
c:\users\pl\documents\visual studio 2017\projects\cindex 3+\win32\publisher\cindex.res
c:\users\em2307\code\cindex\cindex\cindex 4\win32\publisher\abbrev.obj
c:\users\em2307\code\cindex\cindex\cindex 4\win32\publisher\apiservice.obj
c:\users\em2307\code\cindex\cindex\cindex 4\win32\publisher\attributedstrings.obj
c:\users\em2307\code\cindex\cindex\cindex 4\win32\publisher\cglobal.obj
c:\users\em2307\code\cindex\cindex\cindex 4\win32\publisher\clip.obj
c:\users\em2307\code\cindex\cindex\cindex 4\win32\publisher\collate.obj
c:\users\em2307\code\cindex\cindex\cindex 4\win32\publisher\commands.obj
c:\users\em2307\code\cindex\cindex\cindex 4\win32\publisher\containerset.obj
c:\users\em2307\code\cindex\cindex\cindex 4\win32\publisher\dde.obj
c:\users\em2307\code\cindex\cindex\cindex 4\win32\publisher\draftstuff.obj
c:\users\em2307\code\cindex\cindex\cindex 4\win32\publisher\edit.obj
c:\users\em2307\code\cindex\cindex\cindex 4\win32\publisher\errors.obj
c:\users\em2307\code\cindex\cindex\cindex 4\win32\publisher\export.obj
c:\users\em2307\code\cindex\cindex\cindex 4\win32\publisher\files.obj
c:\users\em2307\code\cindex\cindex\cindex 4\win32\publisher\findset.obj
c:\users\em2307\code\cindex\cindex\cindex 4\win32\publisher\formattedexport.obj
c:\users\em2307\code\cindex\cindex\cindex 4\win32\publisher\formset.obj
c:\users\em2307\code\cindex\cindex\cindex 4\win32\publisher\formstuff.obj
c:\users\em2307\code\cindex\cindex\cindex 4\win32\publisher\group.obj
c:\users\em2307\code\cindex\cindex\cindex 4\win32\publisher\hspell.obj
c:\users\em2307\code\cindex\cindex\cindex 4\win32\publisher\import.obj
c:\users\em2307\code\cindex\cindex\cindex 4\win32\publisher\indesign.obj
c:\users\em2307\code\cindex\cindex\cindex 4\win32\publisher\index.obj
c:\users\em2307\code\cindex\cindex\cindex 4\win32\publisher\indexset.obj
c:\users\em2307\code\cindex\cindex\cindex 4\win32\publisher\keytool.obj
c:\users\em2307\code\cindex\cindex\cindex 4\win32\publisher\locales.obj
c:\users\em2307\code\cindex\cindex\cindex 4\win32\publisher\macros.obj
c:\users\em2307\code\cindex\cindex\cindex 4\win32\publisher\main.obj
c:\users\em2307\code\cindex\cindex\cindex 4\win32\publisher\mfile.obj
c:\users\em2307\code\cindex\cindex\cindex 4\win32\publisher\modify.obj
c:\users\em2307\code\cindex\cindex\cindex 4\win32\publisher\print.obj
c:\users\em2307\code\cindex\cindex\cindex 4\win32\publisher\rcontainerset.obj
c:\users\em2307\code\cindex\cindex\cindex 4\win32\publisher\recole.obj
c:\users\em2307\code\cindex\cindex\cindex 4\win32\publisher\records.obj
c:\users\em2307\code\cindex\cindex\cindex 4\win32\publisher\refs.obj
c:\users\em2307\code\cindex\cindex\cindex 4\win32\publisher\regex.obj
c:\users\em2307\code\cindex\cindex\cindex 4\win32\publisher\registry.obj
c:\users\em2307\code\cindex\cindex\cindex 4\win32\publisher\reole.obj
c:\users\em2307\code\cindex\cindex\cindex 4\win32\publisher\replaceset.obj
c:\users\em2307\code\cindex\cindex\cindex 4\win32\publisher\rtfwriter.obj
c:\users\em2307\code\cindex\cindex\cindex 4\win32\publisher\search.obj
c:\users\em2307\code\cindex\cindex\cindex 4\win32\publisher\searchset.obj
c:\users\em2307\code\cindex\cindex\cindex 4\win32\publisher\sort.obj
c:\users\em2307\code\cindex\cindex\cindex 4\win32\publisher\sortset.obj
c:\users\em2307\code\cindex\cindex\cindex 4\win32\publisher\spell.obj
c:\users\em2307\code\cindex\cindex\cindex 4\win32\publisher\spellset.obj
c:\users\em2307\code\cindex\cindex\cindex 4\win32\publisher\stdafx.obj
c:\users\em2307\code\cindex\cindex\cindex 4\win32\publisher\strings.obj
c:\users\em2307\code\cindex\cindex\cindex 4\win32\publisher\tagstuff.obj
c:\users\em2307\code\cindex\cindex\cindex 4\win32\publisher\tagwriter.obj
c:\users\em2307\code\cindex\cindex\cindex 4\win32\publisher\text.obj
c:\users\em2307\code\cindex\cindex\cindex 4\win32\publisher\textwriter.obj
c:\users\em2307\code\cindex\cindex\cindex 4\win32\publisher\tools.obj
c:\users\em2307\code\cindex\cindex\cindex 4\win32\publisher\toolset.obj
c:\users\em2307\code\cindex\cindex\cindex 4\win32\publisher\translate.obj
c:\users\em2307\code\cindex\cindex\cindex 4\win32\publisher\typestuff.obj
c:\users\em2307\code\cindex\cindex\cindex 4\win32\publisher\util.obj
c:\users\em2307\code\cindex\cindex\cindex 4\win32\publisher\v3handler.obj
c:\users\em2307\code\cindex\cindex\cindex 4\win32\publisher\viewset.obj
c:\users\em2307\code\cindex\cindex\cindex 4\win32\publisher\xmlparser.obj
c:\users\em2307\code\cindex\cindex\cindex 4\win32\publisher\xmlwriter.obj
c:\users\em2307\code\cindex\cindex\cindex 4\win32\publisher\xpresswriter.obj
c:\users\em2307\code\cindex\cindex\cindex 4\win32\publisher\cindex.res
c:\users\em2307\code\cindex\cindex\cindex 4\win32\publisher\vc141.pdb
c:\users\em2307\code\cindex\cindex\cindex 4\win32\publisher\cindex.exe
c:\users\em2307\code\cindex\cindex\cindex 4\win32\publisher\cindex.tlog\cl.command.1.tlog
c:\users\em2307\code\cindex\cindex\cindex 4\win32\publisher\cindex.tlog\cl.read.1.tlog
c:\users\em2307\code\cindex\cindex\cindex 4\win32\publisher\cindex.tlog\cl.write.1.tlog
c:\users\em2307\code\cindex\cindex\cindex 4\win32\publisher\cindex.tlog\link.command.1.tlog
c:\users\em2307\code\cindex\cindex\cindex 4\win32\publisher\cindex.tlog\link.read.1.tlog
c:\users\em2307\code\cindex\cindex\cindex 4\win32\publisher\cindex.tlog\link.write.1.tlog
c:\users\em2307\code\cindex\cindex\cindex 4\win32\publisher\cindex.tlog\rc.command.1.tlog
c:\users\em2307\code\cindex\cindex\cindex 4\win32\publisher\cindex.tlog\rc.read.1.tlog
c:\users\em2307\code\cindex\cindex\cindex 4\win32\publisher\cindex.tlog\rc.write.1.tlog
