c:\users\pl\documents\visual studio 2017\projects\cindex 3+\cindex.pch
c:\users\pl\documents\visual studio 2017\projects\cindex 3+\win32\demo\vc141.pdb
c:\users\pl\documents\visual studio 2017\projects\cindex 3+\win32\demo\stdafx.obj
c:\users\pl\documents\visual studio 2017\projects\cindex 3+\win32\demo\import.obj
c:\users\pl\documents\visual studio 2017\projects\cindex 3+\win32\demo\hspell.obj
c:\users\pl\documents\visual studio 2017\projects\cindex 3+\win32\demo\group.obj
c:\users\pl\documents\visual studio 2017\projects\cindex 3+\win32\demo\formstuff.obj
c:\users\pl\documents\visual studio 2017\projects\cindex 3+\win32\demo\formset.obj
c:\users\pl\documents\visual studio 2017\projects\cindex 3+\win32\demo\formattedexport.obj
c:\users\pl\documents\visual studio 2017\projects\cindex 3+\win32\demo\findset.obj
c:\users\pl\documents\visual studio 2017\projects\cindex 3+\win32\demo\files.obj
c:\users\pl\documents\visual studio 2017\projects\cindex 3+\win32\demo\export.obj
c:\users\pl\documents\visual studio 2017\projects\cindex 3+\win32\demo\errors.obj
c:\users\pl\documents\visual studio 2017\projects\cindex 3+\win32\demo\edit.obj
c:\users\pl\documents\visual studio 2017\projects\cindex 3+\win32\demo\draftstuff.obj
c:\users\pl\documents\visual studio 2017\projects\cindex 3+\win32\demo\dde.obj
c:\users\pl\documents\visual studio 2017\projects\cindex 3+\win32\demo\containerset.obj
c:\users\pl\documents\visual studio 2017\projects\cindex 3+\win32\demo\commands.obj
c:\users\pl\documents\visual studio 2017\projects\cindex 3+\win32\demo\collate.obj
c:\users\pl\documents\visual studio 2017\projects\cindex 3+\win32\demo\clip.obj
c:\users\pl\documents\visual studio 2017\projects\cindex 3+\win32\demo\cglobal.obj
c:\users\pl\documents\visual studio 2017\projects\cindex 3+\win32\demo\attributedstrings.obj
c:\users\pl\documents\visual studio 2017\projects\cindex 3+\win32\demo\abbrev.obj
c:\users\pl\documents\visual studio 2017\projects\cindex 3+\win32\demo\search.obj
c:\users\pl\documents\visual studio 2017\projects\cindex 3+\win32\demo\rtfwriter.obj
c:\users\pl\documents\visual studio 2017\projects\cindex 3+\win32\demo\replaceset.obj
c:\users\pl\documents\visual studio 2017\projects\cindex 3+\win32\demo\reole.obj
c:\users\pl\documents\visual studio 2017\projects\cindex 3+\win32\demo\registry.obj
c:\users\pl\documents\visual studio 2017\projects\cindex 3+\win32\demo\regex.obj
c:\users\pl\documents\visual studio 2017\projects\cindex 3+\win32\demo\refs.obj
c:\users\pl\documents\visual studio 2017\projects\cindex 3+\win32\demo\records.obj
c:\users\pl\documents\visual studio 2017\projects\cindex 3+\win32\demo\recole.obj
c:\users\pl\documents\visual studio 2017\projects\cindex 3+\win32\demo\rcontainerset.obj
c:\users\pl\documents\visual studio 2017\projects\cindex 3+\win32\demo\print.obj
c:\users\pl\documents\visual studio 2017\projects\cindex 3+\win32\demo\modify.obj
c:\users\pl\documents\visual studio 2017\projects\cindex 3+\win32\demo\mfile.obj
c:\users\pl\documents\visual studio 2017\projects\cindex 3+\win32\demo\main.obj
c:\users\pl\documents\visual studio 2017\projects\cindex 3+\win32\demo\macros.obj
c:\users\pl\documents\visual studio 2017\projects\cindex 3+\win32\demo\locales.obj
c:\users\pl\documents\visual studio 2017\projects\cindex 3+\win32\demo\keytool.obj
c:\users\pl\documents\visual studio 2017\projects\cindex 3+\win32\demo\indexset.obj
c:\users\pl\documents\visual studio 2017\projects\cindex 3+\win32\demo\index.obj
c:\users\pl\documents\visual studio 2017\projects\cindex 3+\win32\demo\indesign.obj
c:\users\pl\documents\visual studio 2017\projects\cindex 3+\win32\demo\xpresswriter.obj
c:\users\pl\documents\visual studio 2017\projects\cindex 3+\win32\demo\xmlwriter.obj
c:\users\pl\documents\visual studio 2017\projects\cindex 3+\win32\demo\xmlparser.obj
c:\users\pl\documents\visual studio 2017\projects\cindex 3+\win32\demo\viewset.obj
c:\users\pl\documents\visual studio 2017\projects\cindex 3+\win32\demo\v3handler.obj
c:\users\pl\documents\visual studio 2017\projects\cindex 3+\win32\demo\util.obj
c:\users\pl\documents\visual studio 2017\projects\cindex 3+\win32\demo\typestuff.obj
c:\users\pl\documents\visual studio 2017\projects\cindex 3+\win32\demo\translate.obj
c:\users\pl\documents\visual studio 2017\projects\cindex 3+\win32\demo\toolset.obj
c:\users\pl\documents\visual studio 2017\projects\cindex 3+\win32\demo\tools.obj
c:\users\pl\documents\visual studio 2017\projects\cindex 3+\win32\demo\textwriter.obj
c:\users\pl\documents\visual studio 2017\projects\cindex 3+\win32\demo\text.obj
c:\users\pl\documents\visual studio 2017\projects\cindex 3+\win32\demo\tagwriter.obj
c:\users\pl\documents\visual studio 2017\projects\cindex 3+\win32\demo\tagstuff.obj
c:\users\pl\documents\visual studio 2017\projects\cindex 3+\win32\demo\strings.obj
c:\users\pl\documents\visual studio 2017\projects\cindex 3+\win32\demo\spellset.obj
c:\users\pl\documents\visual studio 2017\projects\cindex 3+\win32\demo\spell.obj
c:\users\pl\documents\visual studio 2017\projects\cindex 3+\win32\demo\sortset.obj
c:\users\pl\documents\visual studio 2017\projects\cindex 3+\win32\demo\sort.obj
c:\users\pl\documents\visual studio 2017\projects\cindex 3+\win32\demo\searchset.obj
c:\users\pl\documents\visual studio 2017\projects\cindex 3+\win32\demo\cindex.exe
c:\users\pl\documents\visual studio 2017\projects\cindex 3+\win32\demo\cindex.res
c:\users\em2307\code\cindex\cindex\cindex 4\win32\demo\abbrev.obj
c:\users\em2307\code\cindex\cindex\cindex 4\win32\demo\attributedstrings.obj
c:\users\em2307\code\cindex\cindex\cindex 4\win32\demo\cglobal.obj
c:\users\em2307\code\cindex\cindex\cindex 4\win32\demo\clip.obj
c:\users\em2307\code\cindex\cindex\cindex 4\win32\demo\collate.obj
c:\users\em2307\code\cindex\cindex\cindex 4\win32\demo\commands.obj
c:\users\em2307\code\cindex\cindex\cindex 4\win32\demo\containerset.obj
c:\users\em2307\code\cindex\cindex\cindex 4\win32\demo\dde.obj
c:\users\em2307\code\cindex\cindex\cindex 4\win32\demo\draftstuff.obj
c:\users\em2307\code\cindex\cindex\cindex 4\win32\demo\edit.obj
c:\users\em2307\code\cindex\cindex\cindex 4\win32\demo\errors.obj
c:\users\em2307\code\cindex\cindex\cindex 4\win32\demo\export.obj
c:\users\em2307\code\cindex\cindex\cindex 4\win32\demo\files.obj
c:\users\em2307\code\cindex\cindex\cindex 4\win32\demo\findset.obj
c:\users\em2307\code\cindex\cindex\cindex 4\win32\demo\formattedexport.obj
c:\users\em2307\code\cindex\cindex\cindex 4\win32\demo\formset.obj
c:\users\em2307\code\cindex\cindex\cindex 4\win32\demo\formstuff.obj
c:\users\em2307\code\cindex\cindex\cindex 4\win32\demo\group.obj
c:\users\em2307\code\cindex\cindex\cindex 4\win32\demo\hspell.obj
c:\users\em2307\code\cindex\cindex\cindex 4\win32\demo\import.obj
c:\users\em2307\code\cindex\cindex\cindex 4\win32\demo\indesign.obj
c:\users\em2307\code\cindex\cindex\cindex 4\win32\demo\index.obj
c:\users\em2307\code\cindex\cindex\cindex 4\win32\demo\indexset.obj
c:\users\em2307\code\cindex\cindex\cindex 4\win32\demo\keytool.obj
c:\users\em2307\code\cindex\cindex\cindex 4\win32\demo\locales.obj
c:\users\em2307\code\cindex\cindex\cindex 4\win32\demo\macros.obj
c:\users\em2307\code\cindex\cindex\cindex 4\win32\demo\main.obj
c:\users\em2307\code\cindex\cindex\cindex 4\win32\demo\mfile.obj
c:\users\em2307\code\cindex\cindex\cindex 4\win32\demo\modify.obj
c:\users\em2307\code\cindex\cindex\cindex 4\win32\demo\print.obj
c:\users\em2307\code\cindex\cindex\cindex 4\win32\demo\rcontainerset.obj
c:\users\em2307\code\cindex\cindex\cindex 4\win32\demo\recole.obj
c:\users\em2307\code\cindex\cindex\cindex 4\win32\demo\records.obj
c:\users\em2307\code\cindex\cindex\cindex 4\win32\demo\refs.obj
c:\users\em2307\code\cindex\cindex\cindex 4\win32\demo\regex.obj
c:\users\em2307\code\cindex\cindex\cindex 4\win32\demo\registry.obj
c:\users\em2307\code\cindex\cindex\cindex 4\win32\demo\reole.obj
c:\users\em2307\code\cindex\cindex\cindex 4\win32\demo\replaceset.obj
c:\users\em2307\code\cindex\cindex\cindex 4\win32\demo\rtfwriter.obj
c:\users\em2307\code\cindex\cindex\cindex 4\win32\demo\search.obj
c:\users\em2307\code\cindex\cindex\cindex 4\win32\demo\searchset.obj
c:\users\em2307\code\cindex\cindex\cindex 4\win32\demo\sort.obj
c:\users\em2307\code\cindex\cindex\cindex 4\win32\demo\sortset.obj
c:\users\em2307\code\cindex\cindex\cindex 4\win32\demo\spell.obj
c:\users\em2307\code\cindex\cindex\cindex 4\win32\demo\spellset.obj
c:\users\em2307\code\cindex\cindex\cindex 4\win32\demo\stdafx.obj
c:\users\em2307\code\cindex\cindex\cindex 4\win32\demo\strings.obj
c:\users\em2307\code\cindex\cindex\cindex 4\win32\demo\tagstuff.obj
c:\users\em2307\code\cindex\cindex\cindex 4\win32\demo\tagwriter.obj
c:\users\em2307\code\cindex\cindex\cindex 4\win32\demo\text.obj
c:\users\em2307\code\cindex\cindex\cindex 4\win32\demo\textwriter.obj
c:\users\em2307\code\cindex\cindex\cindex 4\win32\demo\tools.obj
c:\users\em2307\code\cindex\cindex\cindex 4\win32\demo\toolset.obj
c:\users\em2307\code\cindex\cindex\cindex 4\win32\demo\translate.obj
c:\users\em2307\code\cindex\cindex\cindex 4\win32\demo\typestuff.obj
c:\users\em2307\code\cindex\cindex\cindex 4\win32\demo\util.obj
c:\users\em2307\code\cindex\cindex\cindex 4\win32\demo\v3handler.obj
c:\users\em2307\code\cindex\cindex\cindex 4\win32\demo\viewset.obj
c:\users\em2307\code\cindex\cindex\cindex 4\win32\demo\xmlparser.obj
c:\users\em2307\code\cindex\cindex\cindex 4\win32\demo\xmlwriter.obj
c:\users\em2307\code\cindex\cindex\cindex 4\win32\demo\xpresswriter.obj
c:\users\em2307\code\cindex\cindex\cindex 4\win32\demo\cindex.res
c:\users\em2307\code\cindex\cindex\cindex 4\win32\demo\vc141.pdb
c:\users\em2307\code\cindex\cindex\cindex 4\win32\demo\cindex.exe
c:\users\em2307\code\cindex\cindex\cindex 4\win32\demo\cindex.tlog\cl.command.1.tlog
c:\users\em2307\code\cindex\cindex\cindex 4\win32\demo\cindex.tlog\cl.read.1.tlog
c:\users\em2307\code\cindex\cindex\cindex 4\win32\demo\cindex.tlog\cl.write.1.tlog
c:\users\em2307\code\cindex\cindex\cindex 4\win32\demo\cindex.tlog\link.command.1.tlog
c:\users\em2307\code\cindex\cindex\cindex 4\win32\demo\cindex.tlog\link.read.1.tlog
c:\users\em2307\code\cindex\cindex\cindex 4\win32\demo\cindex.tlog\link.write.1.tlog
c:\users\em2307\code\cindex\cindex\cindex 4\win32\demo\cindex.tlog\rc.command.1.tlog
c:\users\em2307\code\cindex\cindex\cindex 4\win32\demo\cindex.tlog\rc.read.1.tlog
c:\users\em2307\code\cindex\cindex\cindex 4\win32\demo\cindex.tlog\rc.write.1.tlog
