c:\users\em2307\code\cindex\cindex\cindex 4\cindex.pch
c:\users\em2307\code\cindex\cindex\cindex 4\x64\publisher\vc143.pdb
c:\users\em2307\code\cindex\cindex\cindex 4\x64\publisher\stdafx.obj
c:\users\em2307\code\cindex\cindex\cindex 4\x64\publisher\hspell.obj
c:\users\em2307\code\cindex\cindex\cindex 4\x64\publisher\group.obj
c:\users\em2307\code\cindex\cindex\cindex 4\x64\publisher\formstuff.obj
c:\users\em2307\code\cindex\cindex\cindex 4\x64\publisher\formset.obj
c:\users\em2307\code\cindex\cindex\cindex 4\x64\publisher\formattedexport.obj
c:\users\em2307\code\cindex\cindex\cindex 4\x64\publisher\findset.obj
c:\users\em2307\code\cindex\cindex\cindex 4\x64\publisher\files.obj
c:\users\em2307\code\cindex\cindex\cindex 4\x64\publisher\export.obj
c:\users\em2307\code\cindex\cindex\cindex 4\x64\publisher\errors.obj
c:\users\em2307\code\cindex\cindex\cindex 4\x64\publisher\edit.obj
c:\users\em2307\code\cindex\cindex\cindex 4\x64\publisher\draftstuff.obj
c:\users\em2307\code\cindex\cindex\cindex 4\x64\publisher\dde.obj
c:\users\em2307\code\cindex\cindex\cindex 4\x64\publisher\containerset.obj
c:\users\em2307\code\cindex\cindex\cindex 4\x64\publisher\commands.obj
c:\users\em2307\code\cindex\cindex\cindex 4\x64\publisher\collate.obj
c:\users\em2307\code\cindex\cindex\cindex 4\x64\publisher\clip.obj
c:\users\em2307\code\cindex\cindex\cindex 4\x64\publisher\cglobal.obj
c:\users\em2307\code\cindex\cindex\cindex 4\x64\publisher\attributedstrings.obj
c:\users\em2307\code\cindex\cindex\cindex 4\x64\publisher\apiservice.obj
c:\users\em2307\code\cindex\cindex\cindex 4\x64\publisher\abbrev.obj
c:\users\em2307\code\cindex\cindex\cindex 4\x64\publisher\registry.obj
c:\users\em2307\code\cindex\cindex\cindex 4\x64\publisher\regex.obj
c:\users\em2307\code\cindex\cindex\cindex 4\x64\publisher\refs.obj
c:\users\em2307\code\cindex\cindex\cindex 4\x64\publisher\records.obj
c:\users\em2307\code\cindex\cindex\cindex 4\x64\publisher\recole.obj
c:\users\em2307\code\cindex\cindex\cindex 4\x64\publisher\rcontainerset.obj
c:\users\em2307\code\cindex\cindex\cindex 4\x64\publisher\print.obj
c:\users\em2307\code\cindex\cindex\cindex 4\x64\publisher\modify.obj
c:\users\em2307\code\cindex\cindex\cindex 4\x64\publisher\mfile.obj
c:\users\em2307\code\cindex\cindex\cindex 4\x64\publisher\main.obj
c:\users\em2307\code\cindex\cindex\cindex 4\x64\publisher\macros.obj
c:\users\em2307\code\cindex\cindex\cindex 4\x64\publisher\locales.obj
c:\users\em2307\code\cindex\cindex\cindex 4\x64\publisher\keytool.obj
c:\users\em2307\code\cindex\cindex\cindex 4\x64\publisher\json.obj
c:\users\em2307\code\cindex\cindex\cindex 4\x64\publisher\indexset.obj
c:\users\em2307\code\cindex\cindex\cindex 4\x64\publisher\index.obj
c:\users\em2307\code\cindex\cindex\cindex 4\x64\publisher\indesign.obj
c:\users\em2307\code\cindex\cindex\cindex 4\x64\publisher\imwriter.obj
c:\users\em2307\code\cindex\cindex\cindex 4\x64\publisher\import.obj
c:\users\em2307\code\cindex\cindex\cindex 4\x64\publisher\httpservice.obj
c:\users\em2307\code\cindex\cindex\cindex 4\x64\publisher\utime.obj
c:\users\em2307\code\cindex\cindex\cindex 4\x64\publisher\util.obj
c:\users\em2307\code\cindex\cindex\cindex 4\x64\publisher\typestuff.obj
c:\users\em2307\code\cindex\cindex\cindex 4\x64\publisher\translate.obj
c:\users\em2307\code\cindex\cindex\cindex 4\x64\publisher\toolset.obj
c:\users\em2307\code\cindex\cindex\cindex 4\x64\publisher\tools.obj
c:\users\em2307\code\cindex\cindex\cindex 4\x64\publisher\textwriter.obj
c:\users\em2307\code\cindex\cindex\cindex 4\x64\publisher\text.obj
c:\users\em2307\code\cindex\cindex\cindex 4\x64\publisher\tagwriter.obj
c:\users\em2307\code\cindex\cindex\cindex 4\x64\publisher\tagstuff.obj
c:\users\em2307\code\cindex\cindex\cindex 4\x64\publisher\strings.obj
c:\users\em2307\code\cindex\cindex\cindex 4\x64\publisher\spellset.obj
c:\users\em2307\code\cindex\cindex\cindex 4\x64\publisher\spell.obj
c:\users\em2307\code\cindex\cindex\cindex 4\x64\publisher\sortset.obj
c:\users\em2307\code\cindex\cindex\cindex 4\x64\publisher\sort.obj
c:\users\em2307\code\cindex\cindex\cindex 4\x64\publisher\searchset.obj
c:\users\em2307\code\cindex\cindex\cindex 4\x64\publisher\search.obj
c:\users\em2307\code\cindex\cindex\cindex 4\x64\publisher\rtfwriter.obj
c:\users\em2307\code\cindex\cindex\cindex 4\x64\publisher\replaceset.obj
c:\users\em2307\code\cindex\cindex\cindex 4\x64\publisher\reole.obj
c:\users\em2307\code\cindex\cindex\cindex 4\x64\publisher\xpresswriter.obj
c:\users\em2307\code\cindex\cindex\cindex 4\x64\publisher\xmlwriter.obj
c:\users\em2307\code\cindex\cindex\cindex 4\x64\publisher\xmlparser.obj
c:\users\em2307\code\cindex\cindex\cindex 4\x64\publisher\viewset.obj
c:\users\em2307\code\cindex\cindex\cindex 4\x64\publisher\v3handler.obj
c:\users\em2307\code\cindex\cindex\cindex 4\x64\publisher\cindex.exe
c:\users\em2307\code\cindex\cindex\cindex 4\x64\publisher\cindex.res
c:\users\em2307\code\cindex\cindex\cindex 4\x64\publisher\cindex.tlog\cl.command.1.tlog
c:\users\em2307\code\cindex\cindex\cindex 4\x64\publisher\cindex.tlog\cl.items.tlog
c:\users\em2307\code\cindex\cindex\cindex 4\x64\publisher\cindex.tlog\cl.read.1.tlog
c:\users\em2307\code\cindex\cindex\cindex 4\x64\publisher\cindex.tlog\cl.write.1.tlog
c:\users\em2307\code\cindex\cindex\cindex 4\x64\publisher\cindex.tlog\link.command.1.tlog
c:\users\em2307\code\cindex\cindex\cindex 4\x64\publisher\cindex.tlog\link.read.1.tlog
c:\users\em2307\code\cindex\cindex\cindex 4\x64\publisher\cindex.tlog\link.write.1.tlog
c:\users\em2307\code\cindex\cindex\cindex 4\x64\publisher\cindex.tlog\rc.command.1.tlog
c:\users\em2307\code\cindex\cindex\cindex 4\x64\publisher\cindex.tlog\rc.read.1.tlog
c:\users\em2307\code\cindex\cindex\cindex 4\x64\publisher\cindex.tlog\rc.write.1.tlog
