c:\users\em2307\code\cindex\cindex\cindex 4\cindex.pch
c:\users\em2307\code\cindex\cindex\cindex 4\x64\debug publisher\vc143.pdb
c:\users\em2307\code\cindex\cindex\cindex 4\x64\debug publisher\stdafx.obj
c:\users\em2307\code\cindex\cindex\cindex 4\x64\debug publisher\hspell.obj
c:\users\em2307\code\cindex\cindex\cindex 4\x64\debug publisher\group.obj
c:\users\em2307\code\cindex\cindex\cindex 4\x64\debug publisher\formstuff.obj
c:\users\em2307\code\cindex\cindex\cindex 4\x64\debug publisher\formset.obj
c:\users\em2307\code\cindex\cindex\cindex 4\x64\debug publisher\formattedexport.obj
c:\users\em2307\code\cindex\cindex\cindex 4\x64\debug publisher\findset.obj
c:\users\em2307\code\cindex\cindex\cindex 4\x64\debug publisher\files.obj
c:\users\em2307\code\cindex\cindex\cindex 4\x64\debug publisher\export.obj
c:\users\em2307\code\cindex\cindex\cindex 4\x64\debug publisher\errors.obj
c:\users\em2307\code\cindex\cindex\cindex 4\x64\debug publisher\edit.obj
c:\users\em2307\code\cindex\cindex\cindex 4\x64\debug publisher\draftstuff.obj
c:\users\em2307\code\cindex\cindex\cindex 4\x64\debug publisher\dde.obj
c:\users\em2307\code\cindex\cindex\cindex 4\x64\debug publisher\containerset.obj
c:\users\em2307\code\cindex\cindex\cindex 4\x64\debug publisher\commands.obj
c:\users\em2307\code\cindex\cindex\cindex 4\x64\debug publisher\collate.obj
c:\users\em2307\code\cindex\cindex\cindex 4\x64\debug publisher\clip.obj
c:\users\em2307\code\cindex\cindex\cindex 4\x64\debug publisher\cglobal.obj
c:\users\em2307\code\cindex\cindex\cindex 4\x64\debug publisher\attributedstrings.obj
c:\users\em2307\code\cindex\cindex\cindex 4\x64\debug publisher\apiservice.obj
c:\users\em2307\code\cindex\cindex\cindex 4\x64\debug publisher\abbrev.obj
c:\users\em2307\code\cindex\cindex\cindex 4\x64\debug publisher\registry.obj
c:\users\em2307\code\cindex\cindex\cindex 4\x64\debug publisher\regex.obj
c:\users\em2307\code\cindex\cindex\cindex 4\x64\debug publisher\refs.obj
c:\users\em2307\code\cindex\cindex\cindex 4\x64\debug publisher\records.obj
c:\users\em2307\code\cindex\cindex\cindex 4\x64\debug publisher\recole.obj
c:\users\em2307\code\cindex\cindex\cindex 4\x64\debug publisher\rcontainerset.obj
c:\users\em2307\code\cindex\cindex\cindex 4\x64\debug publisher\print.obj
c:\users\em2307\code\cindex\cindex\cindex 4\x64\debug publisher\modify.obj
c:\users\em2307\code\cindex\cindex\cindex 4\x64\debug publisher\mfile.obj
c:\users\em2307\code\cindex\cindex\cindex 4\x64\debug publisher\main.obj
c:\users\em2307\code\cindex\cindex\cindex 4\x64\debug publisher\macros.obj
c:\users\em2307\code\cindex\cindex\cindex 4\x64\debug publisher\locales.obj
c:\users\em2307\code\cindex\cindex\cindex 4\x64\debug publisher\keytool.obj
c:\users\em2307\code\cindex\cindex\cindex 4\x64\debug publisher\json.obj
c:\users\em2307\code\cindex\cindex\cindex 4\x64\debug publisher\indexset.obj
c:\users\em2307\code\cindex\cindex\cindex 4\x64\debug publisher\index.obj
c:\users\em2307\code\cindex\cindex\cindex 4\x64\debug publisher\indesign.obj
c:\users\em2307\code\cindex\cindex\cindex 4\x64\debug publisher\imwriter.obj
c:\users\em2307\code\cindex\cindex\cindex 4\x64\debug publisher\import.obj
c:\users\em2307\code\cindex\cindex\cindex 4\x64\debug publisher\httpservice.obj
c:\users\em2307\code\cindex\cindex\cindex 4\x64\debug publisher\utime.obj
c:\users\em2307\code\cindex\cindex\cindex 4\x64\debug publisher\util.obj
c:\users\em2307\code\cindex\cindex\cindex 4\x64\debug publisher\typestuff.obj
c:\users\em2307\code\cindex\cindex\cindex 4\x64\debug publisher\translate.obj
c:\users\em2307\code\cindex\cindex\cindex 4\x64\debug publisher\toolset.obj
c:\users\em2307\code\cindex\cindex\cindex 4\x64\debug publisher\tools.obj
c:\users\em2307\code\cindex\cindex\cindex 4\x64\debug publisher\textwriter.obj
c:\users\em2307\code\cindex\cindex\cindex 4\x64\debug publisher\text.obj
c:\users\em2307\code\cindex\cindex\cindex 4\x64\debug publisher\tagwriter.obj
c:\users\em2307\code\cindex\cindex\cindex 4\x64\debug publisher\tagstuff.obj
c:\users\em2307\code\cindex\cindex\cindex 4\x64\debug publisher\strings.obj
c:\users\em2307\code\cindex\cindex\cindex 4\x64\debug publisher\spellset.obj
c:\users\em2307\code\cindex\cindex\cindex 4\x64\debug publisher\spell.obj
c:\users\em2307\code\cindex\cindex\cindex 4\x64\debug publisher\sortset.obj
c:\users\em2307\code\cindex\cindex\cindex 4\x64\debug publisher\sort.obj
c:\users\em2307\code\cindex\cindex\cindex 4\x64\debug publisher\searchset.obj
c:\users\em2307\code\cindex\cindex\cindex 4\x64\debug publisher\search.obj
c:\users\em2307\code\cindex\cindex\cindex 4\x64\debug publisher\rtfwriter.obj
c:\users\em2307\code\cindex\cindex\cindex 4\x64\debug publisher\replaceset.obj
c:\users\em2307\code\cindex\cindex\cindex 4\x64\debug publisher\reole.obj
c:\users\em2307\code\cindex\cindex\cindex 4\x64\debug publisher\xpresswriter.obj
c:\users\em2307\code\cindex\cindex\cindex 4\x64\debug publisher\xmlwriter.obj
c:\users\em2307\code\cindex\cindex\cindex 4\x64\debug publisher\xmlparser.obj
c:\users\em2307\code\cindex\cindex\cindex 4\x64\debug publisher\viewset.obj
c:\users\em2307\code\cindex\cindex\cindex 4\x64\debug publisher\v3handler.obj
c:\users\em2307\code\cindex\cindex\cindex 4\x64\debug publisher\cindex.exe
c:\users\em2307\code\cindex\cindex\cindex 4\x64\debug publisher\cindex.ilk
c:\users\em2307\code\cindex\cindex\cindex 4\x64\debug publisher\cindex.pdb
c:\users\em2307\code\cindex\cindex\cindex 4\x64\debug publisher\cindex.exe.embed.manifest.res
c:\users\em2307\code\cindex\cindex\cindex 4\x64\debug publisher\cindex.res
c:\users\em2307\code\cindex\cindex\cindex 4\x64\debug publisher\cindex.exe.embed.manifest
c:\users\em2307\code\cindex\cindex\cindex 4\x64\debug publisher\cindex_manifest.rc
c:\users\em2307\code\cindex\cindex\cindex 4\x64\debug publisher\cindex.tlog\cl.command.1.tlog
c:\users\em2307\code\cindex\cindex\cindex 4\x64\debug publisher\cindex.tlog\cl.read.1.tlog
c:\users\em2307\code\cindex\cindex\cindex 4\x64\debug publisher\cindex.tlog\cl.write.1.tlog
c:\users\em2307\code\cindex\cindex\cindex 4\x64\debug publisher\cindex.tlog\link.command.1.tlog
c:\users\em2307\code\cindex\cindex\cindex 4\x64\debug publisher\cindex.tlog\link.read.1.tlog
c:\users\em2307\code\cindex\cindex\cindex 4\x64\debug publisher\cindex.tlog\link.write.1.tlog
c:\users\em2307\code\cindex\cindex\cindex 4\x64\debug publisher\cindex.tlog\rc.command.1.tlog
c:\users\em2307\code\cindex\cindex\cindex 4\x64\debug publisher\cindex.tlog\rc.read.1.tlog
c:\users\em2307\code\cindex\cindex\cindex 4\x64\debug publisher\cindex.tlog\rc.write.1.tlog
