c:\users\em2307\code\cindex\cindex\cindex 4\cindex.pch
c:\users\em2307\code\cindex\cindex\cindex 4\x64\student\vc143.pdb
c:\users\em2307\code\cindex\cindex\cindex 4\x64\student\stdafx.obj
c:\users\em2307\code\cindex\cindex\cindex 4\x64\student\httpservice.obj
c:\users\em2307\code\cindex\cindex\cindex 4\x64\student\hspell.obj
c:\users\em2307\code\cindex\cindex\cindex 4\x64\student\group.obj
c:\users\em2307\code\cindex\cindex\cindex 4\x64\student\formstuff.obj
c:\users\em2307\code\cindex\cindex\cindex 4\x64\student\formset.obj
c:\users\em2307\code\cindex\cindex\cindex 4\x64\student\formattedexport.obj
c:\users\em2307\code\cindex\cindex\cindex 4\x64\student\findset.obj
c:\users\em2307\code\cindex\cindex\cindex 4\x64\student\files.obj
c:\users\em2307\code\cindex\cindex\cindex 4\x64\student\export.obj
c:\users\em2307\code\cindex\cindex\cindex 4\x64\student\errors.obj
c:\users\em2307\code\cindex\cindex\cindex 4\x64\student\edit.obj
c:\users\em2307\code\cindex\cindex\cindex 4\x64\student\draftstuff.obj
c:\users\em2307\code\cindex\cindex\cindex 4\x64\student\dde.obj
c:\users\em2307\code\cindex\cindex\cindex 4\x64\student\containerset.obj
c:\users\em2307\code\cindex\cindex\cindex 4\x64\student\commands.obj
c:\users\em2307\code\cindex\cindex\cindex 4\x64\student\collate.obj
c:\users\em2307\code\cindex\cindex\cindex 4\x64\student\clip.obj
c:\users\em2307\code\cindex\cindex\cindex 4\x64\student\cglobal.obj
c:\users\em2307\code\cindex\cindex\cindex 4\x64\student\attributedstrings.obj
c:\users\em2307\code\cindex\cindex\cindex 4\x64\student\abbrev.obj
c:\users\em2307\code\cindex\cindex\cindex 4\x64\student\reole.obj
c:\users\em2307\code\cindex\cindex\cindex 4\x64\student\registry.obj
c:\users\em2307\code\cindex\cindex\cindex 4\x64\student\regex.obj
c:\users\em2307\code\cindex\cindex\cindex 4\x64\student\refs.obj
c:\users\em2307\code\cindex\cindex\cindex 4\x64\student\records.obj
c:\users\em2307\code\cindex\cindex\cindex 4\x64\student\recole.obj
c:\users\em2307\code\cindex\cindex\cindex 4\x64\student\rcontainerset.obj
c:\users\em2307\code\cindex\cindex\cindex 4\x64\student\print.obj
c:\users\em2307\code\cindex\cindex\cindex 4\x64\student\modify.obj
c:\users\em2307\code\cindex\cindex\cindex 4\x64\student\mfile.obj
c:\users\em2307\code\cindex\cindex\cindex 4\x64\student\main.obj
c:\users\em2307\code\cindex\cindex\cindex 4\x64\student\macros.obj
c:\users\em2307\code\cindex\cindex\cindex 4\x64\student\locales.obj
c:\users\em2307\code\cindex\cindex\cindex 4\x64\student\keytool.obj
c:\users\em2307\code\cindex\cindex\cindex 4\x64\student\json.obj
c:\users\em2307\code\cindex\cindex\cindex 4\x64\student\indexset.obj
c:\users\em2307\code\cindex\cindex\cindex 4\x64\student\index.obj
c:\users\em2307\code\cindex\cindex\cindex 4\x64\student\indesign.obj
c:\users\em2307\code\cindex\cindex\cindex 4\x64\student\imwriter.obj
c:\users\em2307\code\cindex\cindex\cindex 4\x64\student\import.obj
c:\users\em2307\code\cindex\cindex\cindex 4\x64\student\v3handler.obj
c:\users\em2307\code\cindex\cindex\cindex 4\x64\student\utime.obj
c:\users\em2307\code\cindex\cindex\cindex 4\x64\student\util.obj
c:\users\em2307\code\cindex\cindex\cindex 4\x64\student\typestuff.obj
c:\users\em2307\code\cindex\cindex\cindex 4\x64\student\translate.obj
c:\users\em2307\code\cindex\cindex\cindex 4\x64\student\toolset.obj
c:\users\em2307\code\cindex\cindex\cindex 4\x64\student\tools.obj
c:\users\em2307\code\cindex\cindex\cindex 4\x64\student\textwriter.obj
c:\users\em2307\code\cindex\cindex\cindex 4\x64\student\text.obj
c:\users\em2307\code\cindex\cindex\cindex 4\x64\student\tagwriter.obj
c:\users\em2307\code\cindex\cindex\cindex 4\x64\student\tagstuff.obj
c:\users\em2307\code\cindex\cindex\cindex 4\x64\student\strings.obj
c:\users\em2307\code\cindex\cindex\cindex 4\x64\student\spellset.obj
c:\users\em2307\code\cindex\cindex\cindex 4\x64\student\spell.obj
c:\users\em2307\code\cindex\cindex\cindex 4\x64\student\sortset.obj
c:\users\em2307\code\cindex\cindex\cindex 4\x64\student\sort.obj
c:\users\em2307\code\cindex\cindex\cindex 4\x64\student\searchset.obj
c:\users\em2307\code\cindex\cindex\cindex 4\x64\student\search.obj
c:\users\em2307\code\cindex\cindex\cindex 4\x64\student\rtfwriter.obj
c:\users\em2307\code\cindex\cindex\cindex 4\x64\student\replaceset.obj
c:\users\em2307\code\cindex\cindex\cindex 4\x64\student\xpresswriter.obj
c:\users\em2307\code\cindex\cindex\cindex 4\x64\student\xmlwriter.obj
c:\users\em2307\code\cindex\cindex\cindex 4\x64\student\xmlparser.obj
c:\users\em2307\code\cindex\cindex\cindex 4\x64\student\viewset.obj
c:\users\em2307\code\cindex\cindex\cindex 4\x64\student\cindex.exe
c:\users\em2307\code\cindex\cindex\cindex 4\x64\student\cindex.pdb
c:\users\em2307\code\cindex\cindex\cindex 4\x64\student\cindex.res
c:\users\em2307\code\cindex\cindex\cindex 4\x64\student\cindex.tlog\cl.command.1.tlog
c:\users\em2307\code\cindex\cindex\cindex 4\x64\student\cindex.tlog\cl.read.1.tlog
c:\users\em2307\code\cindex\cindex\cindex 4\x64\student\cindex.tlog\cl.write.1.tlog
c:\users\em2307\code\cindex\cindex\cindex 4\x64\student\cindex.tlog\link.command.1.tlog
c:\users\em2307\code\cindex\cindex\cindex 4\x64\student\cindex.tlog\link.read.1.tlog
c:\users\em2307\code\cindex\cindex\cindex 4\x64\student\cindex.tlog\link.write.1.tlog
c:\users\em2307\code\cindex\cindex\cindex 4\x64\student\cindex.tlog\rc.command.1.tlog
c:\users\em2307\code\cindex\cindex\cindex 4\x64\student\cindex.tlog\rc.read.1.tlog
c:\users\em2307\code\cindex\cindex\cindex 4\x64\student\cindex.tlog\rc.write.1.tlog
