c:\users\em2307\code\cindex\cindex\cindex 4\debug\cindex.bsc
c:\users\em2307\code\cindex\cindex\cindex 4\cindex.pch
c:\users\em2307\code\cindex\cindex\cindex 4\x64\debug\vc143.pdb
c:\users\em2307\code\cindex\cindex\cindex 4\x64\debug\stdafx.sbr
c:\users\em2307\code\cindex\cindex\cindex 4\x64\debug\stdafx.obj
c:\users\em2307\code\cindex\cindex\cindex 4\x64\debug\abbrev.sbr
c:\users\em2307\code\cindex\cindex\cindex 4\x64\debug\attributedstrings.sbr
c:\users\em2307\code\cindex\cindex\cindex 4\x64\debug\cglobal.sbr
c:\users\em2307\code\cindex\cindex\cindex 4\x64\debug\clip.sbr
c:\users\em2307\code\cindex\cindex\cindex 4\x64\debug\collate.sbr
c:\users\em2307\code\cindex\cindex\cindex 4\x64\debug\commands.sbr
c:\users\em2307\code\cindex\cindex\cindex 4\x64\debug\containerset.sbr
c:\users\em2307\code\cindex\cindex\cindex 4\x64\debug\dde.sbr
c:\users\em2307\code\cindex\cindex\cindex 4\x64\debug\draftstuff.sbr
c:\users\em2307\code\cindex\cindex\cindex 4\x64\debug\edit.sbr
c:\users\em2307\code\cindex\cindex\cindex 4\x64\debug\errors.sbr
c:\users\em2307\code\cindex\cindex\cindex 4\x64\debug\export.sbr
c:\users\em2307\code\cindex\cindex\cindex 4\x64\debug\files.sbr
c:\users\em2307\code\cindex\cindex\cindex 4\x64\debug\findset.sbr
c:\users\em2307\code\cindex\cindex\cindex 4\x64\debug\formattedexport.sbr
c:\users\em2307\code\cindex\cindex\cindex 4\x64\debug\formset.sbr
c:\users\em2307\code\cindex\cindex\cindex 4\x64\debug\formstuff.sbr
c:\users\em2307\code\cindex\cindex\cindex 4\x64\debug\group.sbr
c:\users\em2307\code\cindex\cindex\cindex 4\x64\debug\hspell.sbr
c:\users\em2307\code\cindex\cindex\cindex 4\x64\debug\httpservice.sbr
c:\users\em2307\code\cindex\cindex\cindex 4\x64\debug\httpservice.obj
c:\users\em2307\code\cindex\cindex\cindex 4\x64\debug\hspell.obj
c:\users\em2307\code\cindex\cindex\cindex 4\x64\debug\group.obj
c:\users\em2307\code\cindex\cindex\cindex 4\x64\debug\formstuff.obj
c:\users\em2307\code\cindex\cindex\cindex 4\x64\debug\formset.obj
c:\users\em2307\code\cindex\cindex\cindex 4\x64\debug\formattedexport.obj
c:\users\em2307\code\cindex\cindex\cindex 4\x64\debug\findset.obj
c:\users\em2307\code\cindex\cindex\cindex 4\x64\debug\files.obj
c:\users\em2307\code\cindex\cindex\cindex 4\x64\debug\export.obj
c:\users\em2307\code\cindex\cindex\cindex 4\x64\debug\errors.obj
c:\users\em2307\code\cindex\cindex\cindex 4\x64\debug\edit.obj
c:\users\em2307\code\cindex\cindex\cindex 4\x64\debug\draftstuff.obj
c:\users\em2307\code\cindex\cindex\cindex 4\x64\debug\dde.obj
c:\users\em2307\code\cindex\cindex\cindex 4\x64\debug\containerset.obj
c:\users\em2307\code\cindex\cindex\cindex 4\x64\debug\commands.obj
c:\users\em2307\code\cindex\cindex\cindex 4\x64\debug\collate.obj
c:\users\em2307\code\cindex\cindex\cindex 4\x64\debug\clip.obj
c:\users\em2307\code\cindex\cindex\cindex 4\x64\debug\cglobal.obj
c:\users\em2307\code\cindex\cindex\cindex 4\x64\debug\attributedstrings.obj
c:\users\em2307\code\cindex\cindex\cindex 4\x64\debug\abbrev.obj
c:\users\em2307\code\cindex\cindex\cindex 4\x64\debug\import.sbr
c:\users\em2307\code\cindex\cindex\cindex 4\x64\debug\imwriter.sbr
c:\users\em2307\code\cindex\cindex\cindex 4\x64\debug\indesign.sbr
c:\users\em2307\code\cindex\cindex\cindex 4\x64\debug\index.sbr
c:\users\em2307\code\cindex\cindex\cindex 4\x64\debug\indexset.sbr
c:\users\em2307\code\cindex\cindex\cindex 4\x64\debug\json.sbr
c:\users\em2307\code\cindex\cindex\cindex 4\x64\debug\keytool.sbr
c:\users\em2307\code\cindex\cindex\cindex 4\x64\debug\locales.sbr
c:\users\em2307\code\cindex\cindex\cindex 4\x64\debug\macros.sbr
c:\users\em2307\code\cindex\cindex\cindex 4\x64\debug\main.sbr
c:\users\em2307\code\cindex\cindex\cindex 4\x64\debug\mfile.sbr
c:\users\em2307\code\cindex\cindex\cindex 4\x64\debug\modify.sbr
c:\users\em2307\code\cindex\cindex\cindex 4\x64\debug\print.sbr
c:\users\em2307\code\cindex\cindex\cindex 4\x64\debug\rcontainerset.sbr
c:\users\em2307\code\cindex\cindex\cindex 4\x64\debug\recole.sbr
c:\users\em2307\code\cindex\cindex\cindex 4\x64\debug\records.sbr
c:\users\em2307\code\cindex\cindex\cindex 4\x64\debug\refs.sbr
c:\users\em2307\code\cindex\cindex\cindex 4\x64\debug\regex.sbr
c:\users\em2307\code\cindex\cindex\cindex 4\x64\debug\registry.sbr
c:\users\em2307\code\cindex\cindex\cindex 4\x64\debug\reole.sbr
c:\users\em2307\code\cindex\cindex\cindex 4\x64\debug\reole.obj
c:\users\em2307\code\cindex\cindex\cindex 4\x64\debug\registry.obj
c:\users\em2307\code\cindex\cindex\cindex 4\x64\debug\regex.obj
c:\users\em2307\code\cindex\cindex\cindex 4\x64\debug\refs.obj
c:\users\em2307\code\cindex\cindex\cindex 4\x64\debug\records.obj
c:\users\em2307\code\cindex\cindex\cindex 4\x64\debug\recole.obj
c:\users\em2307\code\cindex\cindex\cindex 4\x64\debug\rcontainerset.obj
c:\users\em2307\code\cindex\cindex\cindex 4\x64\debug\print.obj
c:\users\em2307\code\cindex\cindex\cindex 4\x64\debug\modify.obj
c:\users\em2307\code\cindex\cindex\cindex 4\x64\debug\mfile.obj
c:\users\em2307\code\cindex\cindex\cindex 4\x64\debug\main.obj
c:\users\em2307\code\cindex\cindex\cindex 4\x64\debug\macros.obj
c:\users\em2307\code\cindex\cindex\cindex 4\x64\debug\locales.obj
c:\users\em2307\code\cindex\cindex\cindex 4\x64\debug\keytool.obj
c:\users\em2307\code\cindex\cindex\cindex 4\x64\debug\json.obj
c:\users\em2307\code\cindex\cindex\cindex 4\x64\debug\indexset.obj
c:\users\em2307\code\cindex\cindex\cindex 4\x64\debug\index.obj
c:\users\em2307\code\cindex\cindex\cindex 4\x64\debug\indesign.obj
c:\users\em2307\code\cindex\cindex\cindex 4\x64\debug\imwriter.obj
c:\users\em2307\code\cindex\cindex\cindex 4\x64\debug\import.obj
c:\users\em2307\code\cindex\cindex\cindex 4\x64\debug\replaceset.sbr
c:\users\em2307\code\cindex\cindex\cindex 4\x64\debug\rtfwriter.sbr
c:\users\em2307\code\cindex\cindex\cindex 4\x64\debug\search.sbr
c:\users\em2307\code\cindex\cindex\cindex 4\x64\debug\searchset.sbr
c:\users\em2307\code\cindex\cindex\cindex 4\x64\debug\sort.sbr
c:\users\em2307\code\cindex\cindex\cindex 4\x64\debug\sortset.sbr
c:\users\em2307\code\cindex\cindex\cindex 4\x64\debug\spell.sbr
c:\users\em2307\code\cindex\cindex\cindex 4\x64\debug\spellset.sbr
c:\users\em2307\code\cindex\cindex\cindex 4\x64\debug\strings.sbr
c:\users\em2307\code\cindex\cindex\cindex 4\x64\debug\tagstuff.sbr
c:\users\em2307\code\cindex\cindex\cindex 4\x64\debug\tagwriter.sbr
c:\users\em2307\code\cindex\cindex\cindex 4\x64\debug\text.sbr
c:\users\em2307\code\cindex\cindex\cindex 4\x64\debug\textwriter.sbr
c:\users\em2307\code\cindex\cindex\cindex 4\x64\debug\tools.sbr
c:\users\em2307\code\cindex\cindex\cindex 4\x64\debug\toolset.sbr
c:\users\em2307\code\cindex\cindex\cindex 4\x64\debug\translate.sbr
c:\users\em2307\code\cindex\cindex\cindex 4\x64\debug\typestuff.sbr
c:\users\em2307\code\cindex\cindex\cindex 4\x64\debug\util.sbr
c:\users\em2307\code\cindex\cindex\cindex 4\x64\debug\utime.sbr
c:\users\em2307\code\cindex\cindex\cindex 4\x64\debug\v3handler.sbr
c:\users\em2307\code\cindex\cindex\cindex 4\x64\debug\v3handler.obj
c:\users\em2307\code\cindex\cindex\cindex 4\x64\debug\utime.obj
c:\users\em2307\code\cindex\cindex\cindex 4\x64\debug\util.obj
c:\users\em2307\code\cindex\cindex\cindex 4\x64\debug\typestuff.obj
c:\users\em2307\code\cindex\cindex\cindex 4\x64\debug\translate.obj
c:\users\em2307\code\cindex\cindex\cindex 4\x64\debug\toolset.obj
c:\users\em2307\code\cindex\cindex\cindex 4\x64\debug\tools.obj
c:\users\em2307\code\cindex\cindex\cindex 4\x64\debug\textwriter.obj
c:\users\em2307\code\cindex\cindex\cindex 4\x64\debug\text.obj
c:\users\em2307\code\cindex\cindex\cindex 4\x64\debug\tagwriter.obj
c:\users\em2307\code\cindex\cindex\cindex 4\x64\debug\tagstuff.obj
c:\users\em2307\code\cindex\cindex\cindex 4\x64\debug\strings.obj
c:\users\em2307\code\cindex\cindex\cindex 4\x64\debug\spellset.obj
c:\users\em2307\code\cindex\cindex\cindex 4\x64\debug\spell.obj
c:\users\em2307\code\cindex\cindex\cindex 4\x64\debug\sortset.obj
c:\users\em2307\code\cindex\cindex\cindex 4\x64\debug\sort.obj
c:\users\em2307\code\cindex\cindex\cindex 4\x64\debug\searchset.obj
c:\users\em2307\code\cindex\cindex\cindex 4\x64\debug\search.obj
c:\users\em2307\code\cindex\cindex\cindex 4\x64\debug\rtfwriter.obj
c:\users\em2307\code\cindex\cindex\cindex 4\x64\debug\replaceset.obj
c:\users\em2307\code\cindex\cindex\cindex 4\x64\debug\viewset.sbr
c:\users\em2307\code\cindex\cindex\cindex 4\x64\debug\xmlwriter.sbr
c:\users\em2307\code\cindex\cindex\cindex 4\x64\debug\xpresswriter.sbr
c:\users\em2307\code\cindex\cindex\cindex 4\x64\debug\xpresswriter.obj
c:\users\em2307\code\cindex\cindex\cindex 4\x64\debug\xmlwriter.obj
c:\users\em2307\code\cindex\cindex\cindex 4\x64\debug\viewset.obj
c:\users\em2307\code\cindex\cindex\cindex 4\x64\debug\xmlparser.sbr
c:\users\em2307\code\cindex\cindex\cindex 4\x64\debug\xmlparser.obj
c:\users\em2307\code\cindex\cindex\cindex 4\x64\debug\cindex.ilk
c:\users\em2307\code\cindex\cindex\cindex 4\x64\debug\cindex.exe
c:\users\em2307\code\cindex\cindex\cindex 4\x64\debug\cindex.pdb
c:\users\em2307\code\cindex\cindex\cindex 4\x64\debug\cindex.res
c:\users\em2307\code\cindex\cindex\cindex 4\x64\debug\cindex.exe.embed.manifest.res
c:\users\em2307\code\cindex\cindex\cindex 4\x64\debug\cindex.exe.embed.manifest
c:\users\em2307\code\cindex\cindex\cindex 4\x64\debug\cindex_manifest.rc
c:\users\em2307\code\cindex\cindex\cindex 4\x64\debug\cindex.tlog\bscmake.command.1.tlog
c:\users\em2307\code\cindex\cindex\cindex 4\x64\debug\cindex.tlog\bscmake.read.1.tlog
c:\users\em2307\code\cindex\cindex\cindex 4\x64\debug\cindex.tlog\bscmake.write.1.tlog
c:\users\em2307\code\cindex\cindex\cindex 4\x64\debug\cindex.tlog\cl.command.1.tlog
c:\users\em2307\code\cindex\cindex\cindex 4\x64\debug\cindex.tlog\cl.items.tlog
c:\users\em2307\code\cindex\cindex\cindex 4\x64\debug\cindex.tlog\cl.read.1.tlog
c:\users\em2307\code\cindex\cindex\cindex 4\x64\debug\cindex.tlog\cl.write.1.tlog
c:\users\em2307\code\cindex\cindex\cindex 4\x64\debug\cindex.tlog\link.command.1.tlog
c:\users\em2307\code\cindex\cindex\cindex 4\x64\debug\cindex.tlog\link.read.1.tlog
c:\users\em2307\code\cindex\cindex\cindex 4\x64\debug\cindex.tlog\link.write.1.tlog
c:\users\em2307\code\cindex\cindex\cindex 4\x64\debug\cindex.tlog\rc.command.1.tlog
c:\users\em2307\code\cindex\cindex\cindex 4\x64\debug\cindex.tlog\rc.read.1.tlog
c:\users\em2307\code\cindex\cindex\cindex 4\x64\debug\cindex.tlog\rc.write.1.tlog
