c:\users\em2307\code\cindex\cindex\cindex 4\cindex.pch
c:\users\em2307\code\cindex\cindex\cindex 4\x64\release\vc143.pdb
c:\users\em2307\code\cindex\cindex\cindex 4\x64\release\stdafx.obj
c:\users\em2307\code\cindex\cindex\cindex 4\x64\release\httpservice.obj
c:\users\em2307\code\cindex\cindex\cindex 4\x64\release\hspell.obj
c:\users\em2307\code\cindex\cindex\cindex 4\x64\release\group.obj
c:\users\em2307\code\cindex\cindex\cindex 4\x64\release\formstuff.obj
c:\users\em2307\code\cindex\cindex\cindex 4\x64\release\formset.obj
c:\users\em2307\code\cindex\cindex\cindex 4\x64\release\formattedexport.obj
c:\users\em2307\code\cindex\cindex\cindex 4\x64\release\findset.obj
c:\users\em2307\code\cindex\cindex\cindex 4\x64\release\files.obj
c:\users\em2307\code\cindex\cindex\cindex 4\x64\release\export.obj
c:\users\em2307\code\cindex\cindex\cindex 4\x64\release\errors.obj
c:\users\em2307\code\cindex\cindex\cindex 4\x64\release\edit.obj
c:\users\em2307\code\cindex\cindex\cindex 4\x64\release\draftstuff.obj
c:\users\em2307\code\cindex\cindex\cindex 4\x64\release\dde.obj
c:\users\em2307\code\cindex\cindex\cindex 4\x64\release\containerset.obj
c:\users\em2307\code\cindex\cindex\cindex 4\x64\release\commands.obj
c:\users\em2307\code\cindex\cindex\cindex 4\x64\release\collate.obj
c:\users\em2307\code\cindex\cindex\cindex 4\x64\release\clip.obj
c:\users\em2307\code\cindex\cindex\cindex 4\x64\release\cglobal.obj
c:\users\em2307\code\cindex\cindex\cindex 4\x64\release\attributedstrings.obj
c:\users\em2307\code\cindex\cindex\cindex 4\x64\release\abbrev.obj
c:\users\em2307\code\cindex\cindex\cindex 4\x64\release\reole.obj
c:\users\em2307\code\cindex\cindex\cindex 4\x64\release\registry.obj
c:\users\em2307\code\cindex\cindex\cindex 4\x64\release\regex.obj
c:\users\em2307\code\cindex\cindex\cindex 4\x64\release\refs.obj
c:\users\em2307\code\cindex\cindex\cindex 4\x64\release\records.obj
c:\users\em2307\code\cindex\cindex\cindex 4\x64\release\recole.obj
c:\users\em2307\code\cindex\cindex\cindex 4\x64\release\rcontainerset.obj
c:\users\em2307\code\cindex\cindex\cindex 4\x64\release\print.obj
c:\users\em2307\code\cindex\cindex\cindex 4\x64\release\modify.obj
c:\users\em2307\code\cindex\cindex\cindex 4\x64\release\mfile.obj
c:\users\em2307\code\cindex\cindex\cindex 4\x64\release\main.obj
c:\users\em2307\code\cindex\cindex\cindex 4\x64\release\macros.obj
c:\users\em2307\code\cindex\cindex\cindex 4\x64\release\locales.obj
c:\users\em2307\code\cindex\cindex\cindex 4\x64\release\keytool.obj
c:\users\em2307\code\cindex\cindex\cindex 4\x64\release\json.obj
c:\users\em2307\code\cindex\cindex\cindex 4\x64\release\indexset.obj
c:\users\em2307\code\cindex\cindex\cindex 4\x64\release\index.obj
c:\users\em2307\code\cindex\cindex\cindex 4\x64\release\indesign.obj
c:\users\em2307\code\cindex\cindex\cindex 4\x64\release\imwriter.obj
c:\users\em2307\code\cindex\cindex\cindex 4\x64\release\import.obj
c:\users\em2307\code\cindex\cindex\cindex 4\x64\release\v3handler.obj
c:\users\em2307\code\cindex\cindex\cindex 4\x64\release\utime.obj
c:\users\em2307\code\cindex\cindex\cindex 4\x64\release\util.obj
c:\users\em2307\code\cindex\cindex\cindex 4\x64\release\typestuff.obj
c:\users\em2307\code\cindex\cindex\cindex 4\x64\release\translate.obj
c:\users\em2307\code\cindex\cindex\cindex 4\x64\release\toolset.obj
c:\users\em2307\code\cindex\cindex\cindex 4\x64\release\tools.obj
c:\users\em2307\code\cindex\cindex\cindex 4\x64\release\textwriter.obj
c:\users\em2307\code\cindex\cindex\cindex 4\x64\release\text.obj
c:\users\em2307\code\cindex\cindex\cindex 4\x64\release\tagwriter.obj
c:\users\em2307\code\cindex\cindex\cindex 4\x64\release\tagstuff.obj
c:\users\em2307\code\cindex\cindex\cindex 4\x64\release\strings.obj
c:\users\em2307\code\cindex\cindex\cindex 4\x64\release\spellset.obj
c:\users\em2307\code\cindex\cindex\cindex 4\x64\release\spell.obj
c:\users\em2307\code\cindex\cindex\cindex 4\x64\release\sortset.obj
c:\users\em2307\code\cindex\cindex\cindex 4\x64\release\sort.obj
c:\users\em2307\code\cindex\cindex\cindex 4\x64\release\searchset.obj
c:\users\em2307\code\cindex\cindex\cindex 4\x64\release\search.obj
c:\users\em2307\code\cindex\cindex\cindex 4\x64\release\rtfwriter.obj
c:\users\em2307\code\cindex\cindex\cindex 4\x64\release\replaceset.obj
c:\users\em2307\code\cindex\cindex\cindex 4\x64\release\xpresswriter.obj
c:\users\em2307\code\cindex\cindex\cindex 4\x64\release\xmlwriter.obj
c:\users\em2307\code\cindex\cindex\cindex 4\x64\release\xmlparser.obj
c:\users\em2307\code\cindex\cindex\cindex 4\x64\release\viewset.obj
c:\users\em2307\code\cindex\cindex\cindex 4\x64\release\cindex.exe
c:\users\em2307\code\cindex\cindex\cindex 4\x64\release\cindex.res
c:\users\em2307\code\cindex\cindex\cindex 4\x64\release\cindex.tlog\cl.command.1.tlog
c:\users\em2307\code\cindex\cindex\cindex 4\x64\release\cindex.tlog\cl.items.tlog
c:\users\em2307\code\cindex\cindex\cindex 4\x64\release\cindex.tlog\cl.read.1.tlog
c:\users\em2307\code\cindex\cindex\cindex 4\x64\release\cindex.tlog\cl.write.1.tlog
c:\users\em2307\code\cindex\cindex\cindex 4\x64\release\cindex.tlog\link.command.1.tlog
c:\users\em2307\code\cindex\cindex\cindex 4\x64\release\cindex.tlog\link.read.1.tlog
c:\users\em2307\code\cindex\cindex\cindex 4\x64\release\cindex.tlog\link.write.1.tlog
c:\users\em2307\code\cindex\cindex\cindex 4\x64\release\cindex.tlog\rc.command.1.tlog
c:\users\em2307\code\cindex\cindex\cindex 4\x64\release\cindex.tlog\rc.read.1.tlog
c:\users\em2307\code\cindex\cindex\cindex 4\x64\release\cindex.tlog\rc.write.1.tlog
