c:\users\pl\documents\visual studio 2017\projects\cindex 3+\cindex.pch
c:\users\pl\documents\visual studio 2017\projects\cindex 3+\win32\student\vc141.pdb
c:\users\pl\documents\visual studio 2017\projects\cindex 3+\win32\student\stdafx.obj
c:\users\pl\documents\visual studio 2017\projects\cindex 3+\win32\student\import.obj
c:\users\pl\documents\visual studio 2017\projects\cindex 3+\win32\student\hspell.obj
c:\users\pl\documents\visual studio 2017\projects\cindex 3+\win32\student\group.obj
c:\users\pl\documents\visual studio 2017\projects\cindex 3+\win32\student\formstuff.obj
c:\users\pl\documents\visual studio 2017\projects\cindex 3+\win32\student\formset.obj
c:\users\pl\documents\visual studio 2017\projects\cindex 3+\win32\student\formattedexport.obj
c:\users\pl\documents\visual studio 2017\projects\cindex 3+\win32\student\findset.obj
c:\users\pl\documents\visual studio 2017\projects\cindex 3+\win32\student\files.obj
c:\users\pl\documents\visual studio 2017\projects\cindex 3+\win32\student\export.obj
c:\users\pl\documents\visual studio 2017\projects\cindex 3+\win32\student\errors.obj
c:\users\pl\documents\visual studio 2017\projects\cindex 3+\win32\student\edit.obj
c:\users\pl\documents\visual studio 2017\projects\cindex 3+\win32\student\draftstuff.obj
c:\users\pl\documents\visual studio 2017\projects\cindex 3+\win32\student\dde.obj
c:\users\pl\documents\visual studio 2017\projects\cindex 3+\win32\student\containerset.obj
c:\users\pl\documents\visual studio 2017\projects\cindex 3+\win32\student\commands.obj
c:\users\pl\documents\visual studio 2017\projects\cindex 3+\win32\student\collate.obj
c:\users\pl\documents\visual studio 2017\projects\cindex 3+\win32\student\clip.obj
c:\users\pl\documents\visual studio 2017\projects\cindex 3+\win32\student\cglobal.obj
c:\users\pl\documents\visual studio 2017\projects\cindex 3+\win32\student\attributedstrings.obj
c:\users\pl\documents\visual studio 2017\projects\cindex 3+\win32\student\abbrev.obj
c:\users\pl\documents\visual studio 2017\projects\cindex 3+\win32\student\search.obj
c:\users\pl\documents\visual studio 2017\projects\cindex 3+\win32\student\rtfwriter.obj
c:\users\pl\documents\visual studio 2017\projects\cindex 3+\win32\student\replaceset.obj
c:\users\pl\documents\visual studio 2017\projects\cindex 3+\win32\student\reole.obj
c:\users\pl\documents\visual studio 2017\projects\cindex 3+\win32\student\registry.obj
c:\users\pl\documents\visual studio 2017\projects\cindex 3+\win32\student\regex.obj
c:\users\pl\documents\visual studio 2017\projects\cindex 3+\win32\student\refs.obj
c:\users\pl\documents\visual studio 2017\projects\cindex 3+\win32\student\records.obj
c:\users\pl\documents\visual studio 2017\projects\cindex 3+\win32\student\recole.obj
c:\users\pl\documents\visual studio 2017\projects\cindex 3+\win32\student\rcontainerset.obj
c:\users\pl\documents\visual studio 2017\projects\cindex 3+\win32\student\print.obj
c:\users\pl\documents\visual studio 2017\projects\cindex 3+\win32\student\modify.obj
c:\users\pl\documents\visual studio 2017\projects\cindex 3+\win32\student\mfile.obj
c:\users\pl\documents\visual studio 2017\projects\cindex 3+\win32\student\main.obj
c:\users\pl\documents\visual studio 2017\projects\cindex 3+\win32\student\macros.obj
c:\users\pl\documents\visual studio 2017\projects\cindex 3+\win32\student\locales.obj
c:\users\pl\documents\visual studio 2017\projects\cindex 3+\win32\student\keytool.obj
c:\users\pl\documents\visual studio 2017\projects\cindex 3+\win32\student\indexset.obj
c:\users\pl\documents\visual studio 2017\projects\cindex 3+\win32\student\index.obj
c:\users\pl\documents\visual studio 2017\projects\cindex 3+\win32\student\indesign.obj
c:\users\pl\documents\visual studio 2017\projects\cindex 3+\win32\student\xpresswriter.obj
c:\users\pl\documents\visual studio 2017\projects\cindex 3+\win32\student\xmlwriter.obj
c:\users\pl\documents\visual studio 2017\projects\cindex 3+\win32\student\xmlparser.obj
c:\users\pl\documents\visual studio 2017\projects\cindex 3+\win32\student\viewset.obj
c:\users\pl\documents\visual studio 2017\projects\cindex 3+\win32\student\v3handler.obj
c:\users\pl\documents\visual studio 2017\projects\cindex 3+\win32\student\util.obj
c:\users\pl\documents\visual studio 2017\projects\cindex 3+\win32\student\typestuff.obj
c:\users\pl\documents\visual studio 2017\projects\cindex 3+\win32\student\translate.obj
c:\users\pl\documents\visual studio 2017\projects\cindex 3+\win32\student\toolset.obj
c:\users\pl\documents\visual studio 2017\projects\cindex 3+\win32\student\tools.obj
c:\users\pl\documents\visual studio 2017\projects\cindex 3+\win32\student\textwriter.obj
c:\users\pl\documents\visual studio 2017\projects\cindex 3+\win32\student\text.obj
c:\users\pl\documents\visual studio 2017\projects\cindex 3+\win32\student\tagwriter.obj
c:\users\pl\documents\visual studio 2017\projects\cindex 3+\win32\student\tagstuff.obj
c:\users\pl\documents\visual studio 2017\projects\cindex 3+\win32\student\strings.obj
c:\users\pl\documents\visual studio 2017\projects\cindex 3+\win32\student\spellset.obj
c:\users\pl\documents\visual studio 2017\projects\cindex 3+\win32\student\spell.obj
c:\users\pl\documents\visual studio 2017\projects\cindex 3+\win32\student\sortset.obj
c:\users\pl\documents\visual studio 2017\projects\cindex 3+\win32\student\sort.obj
c:\users\pl\documents\visual studio 2017\projects\cindex 3+\win32\student\searchset.obj
c:\users\pl\documents\visual studio 2017\projects\cindex 3+\win32\student\cindex.exe
c:\users\pl\documents\visual studio 2017\projects\cindex 3+\win32\student\cindex.res
c:\users\em2307\code\cindex\cindex\cindex 4\win32\student\abbrev.obj
c:\users\em2307\code\cindex\cindex\cindex 4\win32\student\attributedstrings.obj
c:\users\em2307\code\cindex\cindex\cindex 4\win32\student\cglobal.obj
c:\users\em2307\code\cindex\cindex\cindex 4\win32\student\clip.obj
c:\users\em2307\code\cindex\cindex\cindex 4\win32\student\collate.obj
c:\users\em2307\code\cindex\cindex\cindex 4\win32\student\commands.obj
c:\users\em2307\code\cindex\cindex\cindex 4\win32\student\containerset.obj
c:\users\em2307\code\cindex\cindex\cindex 4\win32\student\dde.obj
c:\users\em2307\code\cindex\cindex\cindex 4\win32\student\draftstuff.obj
c:\users\em2307\code\cindex\cindex\cindex 4\win32\student\edit.obj
c:\users\em2307\code\cindex\cindex\cindex 4\win32\student\errors.obj
c:\users\em2307\code\cindex\cindex\cindex 4\win32\student\export.obj
c:\users\em2307\code\cindex\cindex\cindex 4\win32\student\files.obj
c:\users\em2307\code\cindex\cindex\cindex 4\win32\student\findset.obj
c:\users\em2307\code\cindex\cindex\cindex 4\win32\student\formattedexport.obj
c:\users\em2307\code\cindex\cindex\cindex 4\win32\student\formset.obj
c:\users\em2307\code\cindex\cindex\cindex 4\win32\student\formstuff.obj
c:\users\em2307\code\cindex\cindex\cindex 4\win32\student\group.obj
c:\users\em2307\code\cindex\cindex\cindex 4\win32\student\hspell.obj
c:\users\em2307\code\cindex\cindex\cindex 4\win32\student\import.obj
c:\users\em2307\code\cindex\cindex\cindex 4\win32\student\indesign.obj
c:\users\em2307\code\cindex\cindex\cindex 4\win32\student\index.obj
c:\users\em2307\code\cindex\cindex\cindex 4\win32\student\indexset.obj
c:\users\em2307\code\cindex\cindex\cindex 4\win32\student\keytool.obj
c:\users\em2307\code\cindex\cindex\cindex 4\win32\student\locales.obj
c:\users\em2307\code\cindex\cindex\cindex 4\win32\student\macros.obj
c:\users\em2307\code\cindex\cindex\cindex 4\win32\student\main.obj
c:\users\em2307\code\cindex\cindex\cindex 4\win32\student\mfile.obj
c:\users\em2307\code\cindex\cindex\cindex 4\win32\student\modify.obj
c:\users\em2307\code\cindex\cindex\cindex 4\win32\student\print.obj
c:\users\em2307\code\cindex\cindex\cindex 4\win32\student\rcontainerset.obj
c:\users\em2307\code\cindex\cindex\cindex 4\win32\student\recole.obj
c:\users\em2307\code\cindex\cindex\cindex 4\win32\student\records.obj
c:\users\em2307\code\cindex\cindex\cindex 4\win32\student\refs.obj
c:\users\em2307\code\cindex\cindex\cindex 4\win32\student\regex.obj
c:\users\em2307\code\cindex\cindex\cindex 4\win32\student\registry.obj
c:\users\em2307\code\cindex\cindex\cindex 4\win32\student\reole.obj
c:\users\em2307\code\cindex\cindex\cindex 4\win32\student\replaceset.obj
c:\users\em2307\code\cindex\cindex\cindex 4\win32\student\rtfwriter.obj
c:\users\em2307\code\cindex\cindex\cindex 4\win32\student\search.obj
c:\users\em2307\code\cindex\cindex\cindex 4\win32\student\searchset.obj
c:\users\em2307\code\cindex\cindex\cindex 4\win32\student\sort.obj
c:\users\em2307\code\cindex\cindex\cindex 4\win32\student\sortset.obj
c:\users\em2307\code\cindex\cindex\cindex 4\win32\student\spell.obj
c:\users\em2307\code\cindex\cindex\cindex 4\win32\student\spellset.obj
c:\users\em2307\code\cindex\cindex\cindex 4\win32\student\stdafx.obj
c:\users\em2307\code\cindex\cindex\cindex 4\win32\student\strings.obj
c:\users\em2307\code\cindex\cindex\cindex 4\win32\student\tagstuff.obj
c:\users\em2307\code\cindex\cindex\cindex 4\win32\student\tagwriter.obj
c:\users\em2307\code\cindex\cindex\cindex 4\win32\student\text.obj
c:\users\em2307\code\cindex\cindex\cindex 4\win32\student\textwriter.obj
c:\users\em2307\code\cindex\cindex\cindex 4\win32\student\tools.obj
c:\users\em2307\code\cindex\cindex\cindex 4\win32\student\toolset.obj
c:\users\em2307\code\cindex\cindex\cindex 4\win32\student\translate.obj
c:\users\em2307\code\cindex\cindex\cindex 4\win32\student\typestuff.obj
c:\users\em2307\code\cindex\cindex\cindex 4\win32\student\util.obj
c:\users\em2307\code\cindex\cindex\cindex 4\win32\student\v3handler.obj
c:\users\em2307\code\cindex\cindex\cindex 4\win32\student\viewset.obj
c:\users\em2307\code\cindex\cindex\cindex 4\win32\student\xmlparser.obj
c:\users\em2307\code\cindex\cindex\cindex 4\win32\student\xmlwriter.obj
c:\users\em2307\code\cindex\cindex\cindex 4\win32\student\xpresswriter.obj
c:\users\em2307\code\cindex\cindex\cindex 4\win32\student\cindex.res
c:\users\em2307\code\cindex\cindex\cindex 4\win32\student\vc141.pdb
c:\users\em2307\code\cindex\cindex\cindex 4\win32\student\cindex.exe
c:\users\em2307\code\cindex\cindex\cindex 4\win32\student\cindex.tlog\cl.command.1.tlog
c:\users\em2307\code\cindex\cindex\cindex 4\win32\student\cindex.tlog\cl.read.1.tlog
c:\users\em2307\code\cindex\cindex\cindex 4\win32\student\cindex.tlog\cl.write.1.tlog
c:\users\em2307\code\cindex\cindex\cindex 4\win32\student\cindex.tlog\link.command.1.tlog
c:\users\em2307\code\cindex\cindex\cindex 4\win32\student\cindex.tlog\link.read.1.tlog
c:\users\em2307\code\cindex\cindex\cindex 4\win32\student\cindex.tlog\link.write.1.tlog
c:\users\em2307\code\cindex\cindex\cindex 4\win32\student\cindex.tlog\rc.command.1.tlog
c:\users\em2307\code\cindex\cindex\cindex 4\win32\student\cindex.tlog\rc.read.1.tlog
c:\users\em2307\code\cindex\cindex\cindex 4\win32\student\cindex.tlog\rc.write.1.tlog
