c:\users\pl\documents\visual studio 2017\projects\cindex 4\cindex.pch
c:\users\pl\documents\visual studio 2017\projects\cindex 4\win32\release\vc141.pdb
c:\users\pl\documents\visual studio 2017\projects\cindex 4\win32\release\stdafx.obj
c:\users\pl\documents\visual studio 2017\projects\cindex 4\win32\release\import.obj
c:\users\pl\documents\visual studio 2017\projects\cindex 4\win32\release\hspell.obj
c:\users\pl\documents\visual studio 2017\projects\cindex 4\win32\release\group.obj
c:\users\pl\documents\visual studio 2017\projects\cindex 4\win32\release\formstuff.obj
c:\users\pl\documents\visual studio 2017\projects\cindex 4\win32\release\formset.obj
c:\users\pl\documents\visual studio 2017\projects\cindex 4\win32\release\formattedexport.obj
c:\users\pl\documents\visual studio 2017\projects\cindex 4\win32\release\findset.obj
c:\users\pl\documents\visual studio 2017\projects\cindex 4\win32\release\files.obj
c:\users\pl\documents\visual studio 2017\projects\cindex 4\win32\release\export.obj
c:\users\pl\documents\visual studio 2017\projects\cindex 4\win32\release\errors.obj
c:\users\pl\documents\visual studio 2017\projects\cindex 4\win32\release\edit.obj
c:\users\pl\documents\visual studio 2017\projects\cindex 4\win32\release\draftstuff.obj
c:\users\pl\documents\visual studio 2017\projects\cindex 4\win32\release\dde.obj
c:\users\pl\documents\visual studio 2017\projects\cindex 4\win32\release\containerset.obj
c:\users\pl\documents\visual studio 2017\projects\cindex 4\win32\release\commands.obj
c:\users\pl\documents\visual studio 2017\projects\cindex 4\win32\release\collate.obj
c:\users\pl\documents\visual studio 2017\projects\cindex 4\win32\release\clip.obj
c:\users\pl\documents\visual studio 2017\projects\cindex 4\win32\release\cglobal.obj
c:\users\pl\documents\visual studio 2017\projects\cindex 4\win32\release\attributedstrings.obj
c:\users\pl\documents\visual studio 2017\projects\cindex 4\win32\release\abbrev.obj
c:\users\pl\documents\visual studio 2017\projects\cindex 4\win32\release\rtfwriter.obj
c:\users\pl\documents\visual studio 2017\projects\cindex 4\win32\release\replaceset.obj
c:\users\pl\documents\visual studio 2017\projects\cindex 4\win32\release\reole.obj
c:\users\pl\documents\visual studio 2017\projects\cindex 4\win32\release\registry.obj
c:\users\pl\documents\visual studio 2017\projects\cindex 4\win32\release\regex.obj
c:\users\pl\documents\visual studio 2017\projects\cindex 4\win32\release\refs.obj
c:\users\pl\documents\visual studio 2017\projects\cindex 4\win32\release\records.obj
c:\users\pl\documents\visual studio 2017\projects\cindex 4\win32\release\recole.obj
c:\users\pl\documents\visual studio 2017\projects\cindex 4\win32\release\rcontainerset.obj
c:\users\pl\documents\visual studio 2017\projects\cindex 4\win32\release\print.obj
c:\users\pl\documents\visual studio 2017\projects\cindex 4\win32\release\modify.obj
c:\users\pl\documents\visual studio 2017\projects\cindex 4\win32\release\mfile.obj
c:\users\pl\documents\visual studio 2017\projects\cindex 4\win32\release\main.obj
c:\users\pl\documents\visual studio 2017\projects\cindex 4\win32\release\macros.obj
c:\users\pl\documents\visual studio 2017\projects\cindex 4\win32\release\locales.obj
c:\users\pl\documents\visual studio 2017\projects\cindex 4\win32\release\keytool.obj
c:\users\pl\documents\visual studio 2017\projects\cindex 4\win32\release\json.obj
c:\users\pl\documents\visual studio 2017\projects\cindex 4\win32\release\indexset.obj
c:\users\pl\documents\visual studio 2017\projects\cindex 4\win32\release\index.obj
c:\users\pl\documents\visual studio 2017\projects\cindex 4\win32\release\indesign.obj
c:\users\pl\documents\visual studio 2017\projects\cindex 4\win32\release\xmlparser.obj
c:\users\pl\documents\visual studio 2017\projects\cindex 4\win32\release\viewset.obj
c:\users\pl\documents\visual studio 2017\projects\cindex 4\win32\release\v3handler.obj
c:\users\pl\documents\visual studio 2017\projects\cindex 4\win32\release\utime.obj
c:\users\pl\documents\visual studio 2017\projects\cindex 4\win32\release\util.obj
c:\users\pl\documents\visual studio 2017\projects\cindex 4\win32\release\typestuff.obj
c:\users\pl\documents\visual studio 2017\projects\cindex 4\win32\release\translate.obj
c:\users\pl\documents\visual studio 2017\projects\cindex 4\win32\release\toolset.obj
c:\users\pl\documents\visual studio 2017\projects\cindex 4\win32\release\tools.obj
c:\users\pl\documents\visual studio 2017\projects\cindex 4\win32\release\textwriter.obj
c:\users\pl\documents\visual studio 2017\projects\cindex 4\win32\release\text.obj
c:\users\pl\documents\visual studio 2017\projects\cindex 4\win32\release\tagwriter.obj
c:\users\pl\documents\visual studio 2017\projects\cindex 4\win32\release\tagstuff.obj
c:\users\pl\documents\visual studio 2017\projects\cindex 4\win32\release\strings.obj
c:\users\pl\documents\visual studio 2017\projects\cindex 4\win32\release\spellset.obj
c:\users\pl\documents\visual studio 2017\projects\cindex 4\win32\release\spell.obj
c:\users\pl\documents\visual studio 2017\projects\cindex 4\win32\release\sortset.obj
c:\users\pl\documents\visual studio 2017\projects\cindex 4\win32\release\sort.obj
c:\users\pl\documents\visual studio 2017\projects\cindex 4\win32\release\searchset.obj
c:\users\pl\documents\visual studio 2017\projects\cindex 4\win32\release\search.obj
c:\users\pl\documents\visual studio 2017\projects\cindex 4\win32\release\xpresswriter.obj
c:\users\pl\documents\visual studio 2017\projects\cindex 4\win32\release\xmlwriter.obj
c:\users\pl\documents\visual studio 2017\projects\cindex 4\win32\release\httpservice.obj
c:\users\pl\documents\visual studio 2017\projects\cindex 4\win32\release\cindex.exe
c:\users\pl\documents\visual studio 2017\projects\cindex 4\win32\release\cindex.res
c:\users\em2307\code\cindex\cindex\cindex 4\win32\release\abbrev.obj
c:\users\em2307\code\cindex\cindex\cindex 4\win32\release\attributedstrings.obj
c:\users\em2307\code\cindex\cindex\cindex 4\win32\release\cglobal.obj
c:\users\em2307\code\cindex\cindex\cindex 4\win32\release\clip.obj
c:\users\em2307\code\cindex\cindex\cindex 4\win32\release\collate.obj
c:\users\em2307\code\cindex\cindex\cindex 4\win32\release\commands.obj
c:\users\em2307\code\cindex\cindex\cindex 4\win32\release\containerset.obj
c:\users\em2307\code\cindex\cindex\cindex 4\win32\release\dde.obj
c:\users\em2307\code\cindex\cindex\cindex 4\win32\release\draftstuff.obj
c:\users\em2307\code\cindex\cindex\cindex 4\win32\release\edit.obj
c:\users\em2307\code\cindex\cindex\cindex 4\win32\release\errors.obj
c:\users\em2307\code\cindex\cindex\cindex 4\win32\release\export.obj
c:\users\em2307\code\cindex\cindex\cindex 4\win32\release\files.obj
c:\users\em2307\code\cindex\cindex\cindex 4\win32\release\findset.obj
c:\users\em2307\code\cindex\cindex\cindex 4\win32\release\formattedexport.obj
c:\users\em2307\code\cindex\cindex\cindex 4\win32\release\formset.obj
c:\users\em2307\code\cindex\cindex\cindex 4\win32\release\formstuff.obj
c:\users\em2307\code\cindex\cindex\cindex 4\win32\release\group.obj
c:\users\em2307\code\cindex\cindex\cindex 4\win32\release\hspell.obj
c:\users\em2307\code\cindex\cindex\cindex 4\win32\release\httpservice.obj
c:\users\em2307\code\cindex\cindex\cindex 4\win32\release\import.obj
c:\users\em2307\code\cindex\cindex\cindex 4\win32\release\indesign.obj
c:\users\em2307\code\cindex\cindex\cindex 4\win32\release\index.obj
c:\users\em2307\code\cindex\cindex\cindex 4\win32\release\indexset.obj
c:\users\em2307\code\cindex\cindex\cindex 4\win32\release\json.obj
c:\users\em2307\code\cindex\cindex\cindex 4\win32\release\keytool.obj
c:\users\em2307\code\cindex\cindex\cindex 4\win32\release\locales.obj
c:\users\em2307\code\cindex\cindex\cindex 4\win32\release\macros.obj
c:\users\em2307\code\cindex\cindex\cindex 4\win32\release\main.obj
c:\users\em2307\code\cindex\cindex\cindex 4\win32\release\mfile.obj
c:\users\em2307\code\cindex\cindex\cindex 4\win32\release\modify.obj
c:\users\em2307\code\cindex\cindex\cindex 4\win32\release\print.obj
c:\users\em2307\code\cindex\cindex\cindex 4\win32\release\rcontainerset.obj
c:\users\em2307\code\cindex\cindex\cindex 4\win32\release\recole.obj
c:\users\em2307\code\cindex\cindex\cindex 4\win32\release\records.obj
c:\users\em2307\code\cindex\cindex\cindex 4\win32\release\refs.obj
c:\users\em2307\code\cindex\cindex\cindex 4\win32\release\regex.obj
c:\users\em2307\code\cindex\cindex\cindex 4\win32\release\registry.obj
c:\users\em2307\code\cindex\cindex\cindex 4\win32\release\reole.obj
c:\users\em2307\code\cindex\cindex\cindex 4\win32\release\replaceset.obj
c:\users\em2307\code\cindex\cindex\cindex 4\win32\release\rtfwriter.obj
c:\users\em2307\code\cindex\cindex\cindex 4\win32\release\search.obj
c:\users\em2307\code\cindex\cindex\cindex 4\win32\release\searchset.obj
c:\users\em2307\code\cindex\cindex\cindex 4\win32\release\sort.obj
c:\users\em2307\code\cindex\cindex\cindex 4\win32\release\sortset.obj
c:\users\em2307\code\cindex\cindex\cindex 4\win32\release\spell.obj
c:\users\em2307\code\cindex\cindex\cindex 4\win32\release\spellset.obj
c:\users\em2307\code\cindex\cindex\cindex 4\win32\release\stdafx.obj
c:\users\em2307\code\cindex\cindex\cindex 4\win32\release\strings.obj
c:\users\em2307\code\cindex\cindex\cindex 4\win32\release\tagstuff.obj
c:\users\em2307\code\cindex\cindex\cindex 4\win32\release\tagwriter.obj
c:\users\em2307\code\cindex\cindex\cindex 4\win32\release\text.obj
c:\users\em2307\code\cindex\cindex\cindex 4\win32\release\textwriter.obj
c:\users\em2307\code\cindex\cindex\cindex 4\win32\release\tools.obj
c:\users\em2307\code\cindex\cindex\cindex 4\win32\release\toolset.obj
c:\users\em2307\code\cindex\cindex\cindex 4\win32\release\translate.obj
c:\users\em2307\code\cindex\cindex\cindex 4\win32\release\typestuff.obj
c:\users\em2307\code\cindex\cindex\cindex 4\win32\release\util.obj
c:\users\em2307\code\cindex\cindex\cindex 4\win32\release\utime.obj
c:\users\em2307\code\cindex\cindex\cindex 4\win32\release\v3handler.obj
c:\users\em2307\code\cindex\cindex\cindex 4\win32\release\viewset.obj
c:\users\em2307\code\cindex\cindex\cindex 4\win32\release\xmlparser.obj
c:\users\em2307\code\cindex\cindex\cindex 4\win32\release\xmlwriter.obj
c:\users\em2307\code\cindex\cindex\cindex 4\win32\release\xpresswriter.obj
c:\users\em2307\code\cindex\cindex\cindex 4\win32\release\cindex.res
c:\users\em2307\code\cindex\cindex\cindex 4\win32\release\vc141.pdb
c:\users\em2307\code\cindex\cindex\cindex 4\win32\release\cindex.exe
c:\users\em2307\code\cindex\cindex\cindex 4\win32\release\cindex.tlog\cl.command.1.tlog
c:\users\em2307\code\cindex\cindex\cindex 4\win32\release\cindex.tlog\cl.read.1.tlog
c:\users\em2307\code\cindex\cindex\cindex 4\win32\release\cindex.tlog\cl.write.1.tlog
c:\users\em2307\code\cindex\cindex\cindex 4\win32\release\cindex.tlog\link.command.1.tlog
c:\users\em2307\code\cindex\cindex\cindex 4\win32\release\cindex.tlog\link.read.1.tlog
c:\users\em2307\code\cindex\cindex\cindex 4\win32\release\cindex.tlog\link.write.1.tlog
c:\users\em2307\code\cindex\cindex\cindex 4\win32\release\cindex.tlog\rc.command.1.tlog
c:\users\em2307\code\cindex\cindex\cindex 4\win32\release\cindex.tlog\rc.read.1.tlog
c:\users\em2307\code\cindex\cindex\cindex 4\win32\release\cindex.tlog\rc.write.1.tlog
