c:\users\pl\documents\visual studio 2017\projects\cindex 4\cindex.pch
c:\users\pl\documents\visual studio 2017\projects\cindex 4\win32\debug\vc141.pdb
c:\users\pl\documents\visual studio 2017\projects\cindex 4\win32\debug\vc141.idb
c:\users\pl\documents\visual studio 2017\projects\cindex 4\win32\debug\stdafx.obj
c:\users\pl\documents\visual studio 2017\projects\cindex 4\win32\debug\searchset.obj
c:\users\pl\documents\visual studio 2017\projects\cindex 4\win32\debug\sort.obj
c:\users\pl\documents\visual studio 2017\projects\cindex 4\win32\debug\sortset.obj
c:\users\pl\documents\visual studio 2017\projects\cindex 4\win32\debug\spell.obj
c:\users\pl\documents\visual studio 2017\projects\cindex 4\win32\debug\spellset.obj
c:\users\pl\documents\visual studio 2017\projects\cindex 4\win32\debug\strings.obj
c:\users\pl\documents\visual studio 2017\projects\cindex 4\win32\debug\tagstuff.obj
c:\users\pl\documents\visual studio 2017\projects\cindex 4\win32\debug\tagwriter.obj
c:\users\pl\documents\visual studio 2017\projects\cindex 4\win32\debug\text.obj
c:\users\pl\documents\visual studio 2017\projects\cindex 4\win32\debug\textwriter.obj
c:\users\pl\documents\visual studio 2017\projects\cindex 4\win32\debug\tools.obj
c:\users\pl\documents\visual studio 2017\projects\cindex 4\win32\debug\toolset.obj
c:\users\pl\documents\visual studio 2017\projects\cindex 4\win32\debug\translate.obj
c:\users\pl\documents\visual studio 2017\projects\cindex 4\win32\debug\typestuff.obj
c:\users\pl\documents\visual studio 2017\projects\cindex 4\win32\debug\util.obj
c:\users\pl\documents\visual studio 2017\projects\cindex 4\win32\debug\utime.obj
c:\users\pl\documents\visual studio 2017\projects\cindex 4\win32\debug\v3handler.obj
c:\users\pl\documents\visual studio 2017\projects\cindex 4\win32\debug\viewset.obj
c:\users\pl\documents\visual studio 2017\projects\cindex 4\win32\debug\xmlwriter.obj
c:\users\pl\documents\visual studio 2017\projects\cindex 4\win32\debug\xpresswriter.obj
c:\users\pl\documents\visual studio 2017\projects\cindex 4\win32\debug\index.obj
c:\users\pl\documents\visual studio 2017\projects\cindex 4\win32\debug\indexset.obj
c:\users\pl\documents\visual studio 2017\projects\cindex 4\win32\debug\json.obj
c:\users\pl\documents\visual studio 2017\projects\cindex 4\win32\debug\keytool.obj
c:\users\pl\documents\visual studio 2017\projects\cindex 4\win32\debug\locales.obj
c:\users\pl\documents\visual studio 2017\projects\cindex 4\win32\debug\macros.obj
c:\users\pl\documents\visual studio 2017\projects\cindex 4\win32\debug\main.obj
c:\users\pl\documents\visual studio 2017\projects\cindex 4\win32\debug\mfile.obj
c:\users\pl\documents\visual studio 2017\projects\cindex 4\win32\debug\modify.obj
c:\users\pl\documents\visual studio 2017\projects\cindex 4\win32\debug\print.obj
c:\users\pl\documents\visual studio 2017\projects\cindex 4\win32\debug\rcontainerset.obj
c:\users\pl\documents\visual studio 2017\projects\cindex 4\win32\debug\recole.obj
c:\users\pl\documents\visual studio 2017\projects\cindex 4\win32\debug\records.obj
c:\users\pl\documents\visual studio 2017\projects\cindex 4\win32\debug\regex.obj
c:\users\pl\documents\visual studio 2017\projects\cindex 4\win32\debug\registry.obj
c:\users\pl\documents\visual studio 2017\projects\cindex 4\win32\debug\reole.obj
c:\users\pl\documents\visual studio 2017\projects\cindex 4\win32\debug\replaceset.obj
c:\users\pl\documents\visual studio 2017\projects\cindex 4\win32\debug\rtfwriter.obj
c:\users\pl\documents\visual studio 2017\projects\cindex 4\win32\debug\attributedstrings.obj
c:\users\pl\documents\visual studio 2017\projects\cindex 4\win32\debug\cglobal.obj
c:\users\pl\documents\visual studio 2017\projects\cindex 4\win32\debug\clip.obj
c:\users\pl\documents\visual studio 2017\projects\cindex 4\win32\debug\collate.obj
c:\users\pl\documents\visual studio 2017\projects\cindex 4\win32\debug\commands.obj
c:\users\pl\documents\visual studio 2017\projects\cindex 4\win32\debug\containerset.obj
c:\users\pl\documents\visual studio 2017\projects\cindex 4\win32\debug\dde.obj
c:\users\pl\documents\visual studio 2017\projects\cindex 4\win32\debug\draftstuff.obj
c:\users\pl\documents\visual studio 2017\projects\cindex 4\win32\debug\edit.obj
c:\users\pl\documents\visual studio 2017\projects\cindex 4\win32\debug\errors.obj
c:\users\pl\documents\visual studio 2017\projects\cindex 4\win32\debug\export.obj
c:\users\pl\documents\visual studio 2017\projects\cindex 4\win32\debug\files.obj
c:\users\pl\documents\visual studio 2017\projects\cindex 4\win32\debug\findset.obj
c:\users\pl\documents\visual studio 2017\projects\cindex 4\win32\debug\formattedexport.obj
c:\users\pl\documents\visual studio 2017\projects\cindex 4\win32\debug\formset.obj
c:\users\pl\documents\visual studio 2017\projects\cindex 4\win32\debug\formstuff.obj
c:\users\pl\documents\visual studio 2017\projects\cindex 4\win32\debug\group.obj
c:\users\pl\documents\visual studio 2017\projects\cindex 4\win32\debug\hspell.obj
c:\users\pl\documents\visual studio 2017\projects\cindex 4\win32\debug\import.obj
c:\users\pl\documents\visual studio 2017\projects\cindex 4\win32\debug\indesign.obj
c:\users\pl\documents\visual studio 2017\projects\cindex 4\win32\debug\abbrev.obj
c:\users\pl\documents\visual studio 2017\projects\cindex 4\win32\debug\refs.obj
c:\users\pl\documents\visual studio 2017\projects\cindex 4\win32\debug\search.obj
c:\users\pl\documents\visual studio 2017\projects\cindex 4\win32\debug\httpservice.obj
c:\users\pl\documents\visual studio 2017\projects\cindex 4\win32\debug\xmlparser.obj
c:\users\pl\documents\visual studio 2017\projects\cindex 4\win32\debug\cindex.ilk
c:\users\pl\documents\visual studio 2017\projects\cindex 4\win32\debug\cindex.exe
c:\users\pl\documents\visual studio 2017\projects\cindex 4\win32\debug\cindex.pdb
c:\users\pl\documents\visual studio 2017\projects\cindex 4\win32\debug\cindex.res
c:\users\pl\documents\visual studio 2017\projects\cindex 4\win32\debug\cindex.exe.embed.manifest.res
c:\users\em2307\code\cindex\cindex\cindex 4\win32\debug\abbrev.obj
c:\users\em2307\code\cindex\cindex\cindex 4\win32\debug\attributedstrings.obj
c:\users\em2307\code\cindex\cindex\cindex 4\win32\debug\cglobal.obj
c:\users\em2307\code\cindex\cindex\cindex 4\win32\debug\clip.obj
c:\users\em2307\code\cindex\cindex\cindex 4\win32\debug\collate.obj
c:\users\em2307\code\cindex\cindex\cindex 4\win32\debug\commands.obj
c:\users\em2307\code\cindex\cindex\cindex 4\win32\debug\containerset.obj
c:\users\em2307\code\cindex\cindex\cindex 4\win32\debug\dde.obj
c:\users\em2307\code\cindex\cindex\cindex 4\win32\debug\draftstuff.obj
c:\users\em2307\code\cindex\cindex\cindex 4\win32\debug\edit.obj
c:\users\em2307\code\cindex\cindex\cindex 4\win32\debug\errors.obj
c:\users\em2307\code\cindex\cindex\cindex 4\win32\debug\export.obj
c:\users\em2307\code\cindex\cindex\cindex 4\win32\debug\files.obj
c:\users\em2307\code\cindex\cindex\cindex 4\win32\debug\findset.obj
c:\users\em2307\code\cindex\cindex\cindex 4\win32\debug\formattedexport.obj
c:\users\em2307\code\cindex\cindex\cindex 4\win32\debug\formset.obj
c:\users\em2307\code\cindex\cindex\cindex 4\win32\debug\formstuff.obj
c:\users\em2307\code\cindex\cindex\cindex 4\win32\debug\group.obj
c:\users\em2307\code\cindex\cindex\cindex 4\win32\debug\hspell.obj
c:\users\em2307\code\cindex\cindex\cindex 4\win32\debug\httpservice.obj
c:\users\em2307\code\cindex\cindex\cindex 4\win32\debug\import.obj
c:\users\em2307\code\cindex\cindex\cindex 4\win32\debug\imwriter.obj
c:\users\em2307\code\cindex\cindex\cindex 4\win32\debug\indesign.obj
c:\users\em2307\code\cindex\cindex\cindex 4\win32\debug\index.obj
c:\users\em2307\code\cindex\cindex\cindex 4\win32\debug\indexset.obj
c:\users\em2307\code\cindex\cindex\cindex 4\win32\debug\json.obj
c:\users\em2307\code\cindex\cindex\cindex 4\win32\debug\keytool.obj
c:\users\em2307\code\cindex\cindex\cindex 4\win32\debug\locales.obj
c:\users\em2307\code\cindex\cindex\cindex 4\win32\debug\macros.obj
c:\users\em2307\code\cindex\cindex\cindex 4\win32\debug\main.obj
c:\users\em2307\code\cindex\cindex\cindex 4\win32\debug\mfile.obj
c:\users\em2307\code\cindex\cindex\cindex 4\win32\debug\modify.obj
c:\users\em2307\code\cindex\cindex\cindex 4\win32\debug\print.obj
c:\users\em2307\code\cindex\cindex\cindex 4\win32\debug\rcontainerset.obj
c:\users\em2307\code\cindex\cindex\cindex 4\win32\debug\recole.obj
c:\users\em2307\code\cindex\cindex\cindex 4\win32\debug\records.obj
c:\users\em2307\code\cindex\cindex\cindex 4\win32\debug\refs.obj
c:\users\em2307\code\cindex\cindex\cindex 4\win32\debug\regex.obj
c:\users\em2307\code\cindex\cindex\cindex 4\win32\debug\registry.obj
c:\users\em2307\code\cindex\cindex\cindex 4\win32\debug\reole.obj
c:\users\em2307\code\cindex\cindex\cindex 4\win32\debug\replaceset.obj
c:\users\em2307\code\cindex\cindex\cindex 4\win32\debug\rtfwriter.obj
c:\users\em2307\code\cindex\cindex\cindex 4\win32\debug\search.obj
c:\users\em2307\code\cindex\cindex\cindex 4\win32\debug\searchset.obj
c:\users\em2307\code\cindex\cindex\cindex 4\win32\debug\sort.obj
c:\users\em2307\code\cindex\cindex\cindex 4\win32\debug\sortset.obj
c:\users\em2307\code\cindex\cindex\cindex 4\win32\debug\spell.obj
c:\users\em2307\code\cindex\cindex\cindex 4\win32\debug\spellset.obj
c:\users\em2307\code\cindex\cindex\cindex 4\win32\debug\stdafx.obj
c:\users\em2307\code\cindex\cindex\cindex 4\win32\debug\strings.obj
c:\users\em2307\code\cindex\cindex\cindex 4\win32\debug\tagstuff.obj
c:\users\em2307\code\cindex\cindex\cindex 4\win32\debug\tagwriter.obj
c:\users\em2307\code\cindex\cindex\cindex 4\win32\debug\text.obj
c:\users\em2307\code\cindex\cindex\cindex 4\win32\debug\textwriter.obj
c:\users\em2307\code\cindex\cindex\cindex 4\win32\debug\tools.obj
c:\users\em2307\code\cindex\cindex\cindex 4\win32\debug\toolset.obj
c:\users\em2307\code\cindex\cindex\cindex 4\win32\debug\translate.obj
c:\users\em2307\code\cindex\cindex\cindex 4\win32\debug\typestuff.obj
c:\users\em2307\code\cindex\cindex\cindex 4\win32\debug\util.obj
c:\users\em2307\code\cindex\cindex\cindex 4\win32\debug\utime.obj
c:\users\em2307\code\cindex\cindex\cindex 4\win32\debug\v3handler.obj
c:\users\em2307\code\cindex\cindex\cindex 4\win32\debug\viewset.obj
c:\users\em2307\code\cindex\cindex\cindex 4\win32\debug\xmlparser.obj
c:\users\em2307\code\cindex\cindex\cindex 4\win32\debug\xmlwriter.obj
c:\users\em2307\code\cindex\cindex\cindex 4\win32\debug\xpresswriter.obj
c:\users\em2307\code\cindex\cindex\cindex 4\win32\debug\cindex.ilk
c:\users\em2307\code\cindex\cindex\cindex 4\win32\debug\cindex.exe.embed.manifest
c:\users\em2307\code\cindex\cindex\cindex 4\win32\debug\cindex.exe.embed.manifest.res
c:\users\em2307\code\cindex\cindex\cindex 4\win32\debug\cindex.res
c:\users\em2307\code\cindex\cindex\cindex 4\win32\debug\vc141.idb
c:\users\em2307\code\cindex\cindex\cindex 4\win32\debug\vc143.idb
c:\users\em2307\code\cindex\cindex\cindex 4\win32\debug\cindex.pdb
c:\users\em2307\code\cindex\cindex\cindex 4\win32\debug\vc141.pdb
c:\users\em2307\code\cindex\cindex\cindex 4\win32\debug\vc143.pdb
c:\users\em2307\code\cindex\cindex\cindex 4\win32\debug\cindex_manifest.rc
c:\users\em2307\code\cindex\cindex\cindex 4\win32\debug\cindex.exe
c:\users\em2307\code\cindex\cindex\cindex 4\win32\debug\cindex.tlog\cl.command.1.tlog
c:\users\em2307\code\cindex\cindex\cindex 4\win32\debug\cindex.tlog\cl.read.1.tlog
c:\users\em2307\code\cindex\cindex\cindex 4\win32\debug\cindex.tlog\cl.write.1.tlog
c:\users\em2307\code\cindex\cindex\cindex 4\win32\debug\cindex.tlog\link.command.1.tlog
c:\users\em2307\code\cindex\cindex\cindex 4\win32\debug\cindex.tlog\link.read.1.tlog
c:\users\em2307\code\cindex\cindex\cindex 4\win32\debug\cindex.tlog\link.write.1.tlog
c:\users\em2307\code\cindex\cindex\cindex 4\win32\debug\cindex.tlog\rc.command.1.tlog
c:\users\em2307\code\cindex\cindex\cindex 4\win32\debug\cindex.tlog\rc.read.1.tlog
c:\users\em2307\code\cindex\cindex\cindex 4\win32\debug\cindex.tlog\rc.write.1.tlog
