c:\users\em2307\code\cindex\cindex\cindex 4\cindex.pch
c:\users\em2307\code\cindex\cindex\cindex 4\x64\demo\vc143.pdb
c:\users\em2307\code\cindex\cindex\cindex 4\x64\demo\stdafx.obj
c:\users\em2307\code\cindex\cindex\cindex 4\x64\demo\httpservice.obj
c:\users\em2307\code\cindex\cindex\cindex 4\x64\demo\hspell.obj
c:\users\em2307\code\cindex\cindex\cindex 4\x64\demo\group.obj
c:\users\em2307\code\cindex\cindex\cindex 4\x64\demo\formstuff.obj
c:\users\em2307\code\cindex\cindex\cindex 4\x64\demo\formset.obj
c:\users\em2307\code\cindex\cindex\cindex 4\x64\demo\formattedexport.obj
c:\users\em2307\code\cindex\cindex\cindex 4\x64\demo\findset.obj
c:\users\em2307\code\cindex\cindex\cindex 4\x64\demo\files.obj
c:\users\em2307\code\cindex\cindex\cindex 4\x64\demo\export.obj
c:\users\em2307\code\cindex\cindex\cindex 4\x64\demo\errors.obj
c:\users\em2307\code\cindex\cindex\cindex 4\x64\demo\edit.obj
c:\users\em2307\code\cindex\cindex\cindex 4\x64\demo\draftstuff.obj
c:\users\em2307\code\cindex\cindex\cindex 4\x64\demo\dde.obj
c:\users\em2307\code\cindex\cindex\cindex 4\x64\demo\containerset.obj
c:\users\em2307\code\cindex\cindex\cindex 4\x64\demo\commands.obj
c:\users\em2307\code\cindex\cindex\cindex 4\x64\demo\collate.obj
c:\users\em2307\code\cindex\cindex\cindex 4\x64\demo\clip.obj
c:\users\em2307\code\cindex\cindex\cindex 4\x64\demo\cglobal.obj
c:\users\em2307\code\cindex\cindex\cindex 4\x64\demo\attributedstrings.obj
c:\users\em2307\code\cindex\cindex\cindex 4\x64\demo\abbrev.obj
c:\users\em2307\code\cindex\cindex\cindex 4\x64\demo\reole.obj
c:\users\em2307\code\cindex\cindex\cindex 4\x64\demo\registry.obj
c:\users\em2307\code\cindex\cindex\cindex 4\x64\demo\regex.obj
c:\users\em2307\code\cindex\cindex\cindex 4\x64\demo\refs.obj
c:\users\em2307\code\cindex\cindex\cindex 4\x64\demo\records.obj
c:\users\em2307\code\cindex\cindex\cindex 4\x64\demo\recole.obj
c:\users\em2307\code\cindex\cindex\cindex 4\x64\demo\rcontainerset.obj
c:\users\em2307\code\cindex\cindex\cindex 4\x64\demo\print.obj
c:\users\em2307\code\cindex\cindex\cindex 4\x64\demo\modify.obj
c:\users\em2307\code\cindex\cindex\cindex 4\x64\demo\mfile.obj
c:\users\em2307\code\cindex\cindex\cindex 4\x64\demo\main.obj
c:\users\em2307\code\cindex\cindex\cindex 4\x64\demo\macros.obj
c:\users\em2307\code\cindex\cindex\cindex 4\x64\demo\locales.obj
c:\users\em2307\code\cindex\cindex\cindex 4\x64\demo\keytool.obj
c:\users\em2307\code\cindex\cindex\cindex 4\x64\demo\json.obj
c:\users\em2307\code\cindex\cindex\cindex 4\x64\demo\indexset.obj
c:\users\em2307\code\cindex\cindex\cindex 4\x64\demo\index.obj
c:\users\em2307\code\cindex\cindex\cindex 4\x64\demo\indesign.obj
c:\users\em2307\code\cindex\cindex\cindex 4\x64\demo\imwriter.obj
c:\users\em2307\code\cindex\cindex\cindex 4\x64\demo\import.obj
c:\users\em2307\code\cindex\cindex\cindex 4\x64\demo\v3handler.obj
c:\users\em2307\code\cindex\cindex\cindex 4\x64\demo\utime.obj
c:\users\em2307\code\cindex\cindex\cindex 4\x64\demo\util.obj
c:\users\em2307\code\cindex\cindex\cindex 4\x64\demo\typestuff.obj
c:\users\em2307\code\cindex\cindex\cindex 4\x64\demo\translate.obj
c:\users\em2307\code\cindex\cindex\cindex 4\x64\demo\toolset.obj
c:\users\em2307\code\cindex\cindex\cindex 4\x64\demo\tools.obj
c:\users\em2307\code\cindex\cindex\cindex 4\x64\demo\textwriter.obj
c:\users\em2307\code\cindex\cindex\cindex 4\x64\demo\text.obj
c:\users\em2307\code\cindex\cindex\cindex 4\x64\demo\tagwriter.obj
c:\users\em2307\code\cindex\cindex\cindex 4\x64\demo\tagstuff.obj
c:\users\em2307\code\cindex\cindex\cindex 4\x64\demo\strings.obj
c:\users\em2307\code\cindex\cindex\cindex 4\x64\demo\spellset.obj
c:\users\em2307\code\cindex\cindex\cindex 4\x64\demo\spell.obj
c:\users\em2307\code\cindex\cindex\cindex 4\x64\demo\sortset.obj
c:\users\em2307\code\cindex\cindex\cindex 4\x64\demo\sort.obj
c:\users\em2307\code\cindex\cindex\cindex 4\x64\demo\searchset.obj
c:\users\em2307\code\cindex\cindex\cindex 4\x64\demo\search.obj
c:\users\em2307\code\cindex\cindex\cindex 4\x64\demo\rtfwriter.obj
c:\users\em2307\code\cindex\cindex\cindex 4\x64\demo\replaceset.obj
c:\users\em2307\code\cindex\cindex\cindex 4\x64\demo\xpresswriter.obj
c:\users\em2307\code\cindex\cindex\cindex 4\x64\demo\xmlwriter.obj
c:\users\em2307\code\cindex\cindex\cindex 4\x64\demo\xmlparser.obj
c:\users\em2307\code\cindex\cindex\cindex 4\x64\demo\viewset.obj
c:\users\em2307\code\cindex\cindex\cindex 4\x64\demo\cindex.exe
c:\users\em2307\code\cindex\cindex\cindex 4\x64\demo\cindex.res
c:\users\em2307\code\cindex\cindex\cindex 4\x64\demo\cindex.tlog\cl.command.1.tlog
c:\users\em2307\code\cindex\cindex\cindex 4\x64\demo\cindex.tlog\cl.read.1.tlog
c:\users\em2307\code\cindex\cindex\cindex 4\x64\demo\cindex.tlog\cl.write.1.tlog
c:\users\em2307\code\cindex\cindex\cindex 4\x64\demo\cindex.tlog\link.command.1.tlog
c:\users\em2307\code\cindex\cindex\cindex 4\x64\demo\cindex.tlog\link.read.1.tlog
c:\users\em2307\code\cindex\cindex\cindex 4\x64\demo\cindex.tlog\link.write.1.tlog
c:\users\em2307\code\cindex\cindex\cindex 4\x64\demo\cindex.tlog\rc.command.1.tlog
c:\users\em2307\code\cindex\cindex\cindex 4\x64\demo\cindex.tlog\rc.read.1.tlog
c:\users\em2307\code\cindex\cindex\cindex 4\x64\demo\cindex.tlog\rc.write.1.tlog
